27/12/2017 10:57:06 AM SIDDHESH-PC COMFLEX\1150 iisexpress 10  NVAPI.Nlogger.nLoggerMsg(e:\TFS\NaamVidya\NV\NaamVidya\Nlogger.cs:19) ERROR - Procedure or function 'NV_SP_FailSaveCheckOutCartDetail' expects parameter '@REGN_GUID', which was not supplied.
27/12/2017 10:57:07 AM SIDDHESH-PC COMFLEX\1150 iisexpress 10  NVAPI.Nlogger.nLoggerMsg(e:\TFS\NaamVidya\NV\NaamVidya\Nlogger.cs:19) ERROR - Object reference not set to an instance of an object.
27/12/2017 12:43:55 PM SIDDHESH-PC COMFLEX\1150 iisexpress 56  NVAPI.Nlogger.nLoggerMsg(e:\TFS\NaamVidya\NV\NaamVidya\Nlogger.cs:19) ERROR - Procedure or function 'NV_SP_GetSavedOrderDetail' expects parameter '@REGN_GUID', which was not supplied.
27/12/2017 03:35:56 PM SIDDHESH-PC COMFLEX\1150 iisexpress 6   NVAPI.Nlogger.nLoggerMsg(e:\TFS\NaamVidya\NV\NaamVidya\Nlogger.cs:19) ERROR - Procedure or function 'NV_SP_GetSavedOrderDetail' expects parameter '@REGN_GUID', which was not supplied.
27/12/2017 03:35:59 PM SIDDHESH-PC COMFLEX\1150 iisexpress 6   NVAPI.Nlogger.nLoggerMsg(e:\TFS\NaamVidya\NV\NaamVidya\Nlogger.cs:19) ERROR - Procedure or function 'NV_SP_GetSavedOrderDetail' expects parameter '@REGN_GUID', which was not supplied.
27/12/2017 03:36:02 PM SIDDHESH-PC COMFLEX\1150 iisexpress 18  NVAPI.Nlogger.nLoggerMsg(e:\TFS\NaamVidya\NV\NaamVidya\Nlogger.cs:19) ERROR - Procedure or function 'NV_SP_GetSavedOrderDetail' expects parameter '@REGN_GUID', which was not supplied.
27/12/2017 03:36:04 PM SIDDHESH-PC COMFLEX\1150 iisexpress 11  NVAPI.Nlogger.nLoggerMsg(e:\TFS\NaamVidya\NV\NaamVidya\Nlogger.cs:19) ERROR - Procedure or function 'NV_SP_GetSavedOrderDetail' expects parameter '@REGN_GUID', which was not supplied.
27/12/2017 03:36:05 PM SIDDHESH-PC COMFLEX\1150 iisexpress 15  NVAPI.Nlogger.nLoggerMsg(e:\TFS\NaamVidya\NV\NaamVidya\Nlogger.cs:19) ERROR - Procedure or function 'NV_SP_GetSavedOrderDetail' expects parameter '@REGN_GUID', which was not supplied.
27/12/2017 03:36:07 PM SIDDHESH-PC COMFLEX\1150 iisexpress 6   NVAPI.Nlogger.nLoggerMsg(e:\TFS\NaamVidya\NV\NaamVidya\Nlogger.cs:19) ERROR - Procedure or function 'NV_SP_GetSavedOrderDetail' expects parameter '@REGN_GUID', which was not supplied.
27/12/2017 03:36:08 PM SIDDHESH-PC COMFLEX\1150 iisexpress 18  NVAPI.Nlogger.nLoggerMsg(e:\TFS\NaamVidya\NV\NaamVidya\Nlogger.cs:19) ERROR - Procedure or function 'NV_SP_GetSavedOrderDetail' expects parameter '@REGN_GUID', which was not supplied.
27/12/2017 03:36:10 PM SIDDHESH-PC COMFLEX\1150 iisexpress 18  NVAPI.Nlogger.nLoggerMsg(e:\TFS\NaamVidya\NV\NaamVidya\Nlogger.cs:19) ERROR - Procedure or function 'NV_SP_GetSavedOrderDetail' expects parameter '@REGN_GUID', which was not supplied.
27/12/2017 03:36:11 PM SIDDHESH-PC COMFLEX\1150 iisexpress 6   NVAPI.Nlogger.nLoggerMsg(e:\TFS\NaamVidya\NV\NaamVidya\Nlogger.cs:19) ERROR - Procedure or function 'NV_SP_GetSavedOrderDetail' expects parameter '@REGN_GUID', which was not supplied.
27/12/2017 03:36:13 PM SIDDHESH-PC COMFLEX\1150 iisexpress 11  NVAPI.Nlogger.nLoggerMsg(e:\TFS\NaamVidya\NV\NaamVidya\Nlogger.cs:19) ERROR - Procedure or function 'NV_SP_GetSavedOrderDetail' expects parameter '@REGN_GUID', which was not supplied.
27/12/2017 03:36:15 PM SIDDHESH-PC COMFLEX\1150 iisexpress 18  NVAPI.Nlogger.nLoggerMsg(e:\TFS\NaamVidya\NV\NaamVidya\Nlogger.cs:19) ERROR - Procedure or function 'NV_SP_GetSavedOrderDetail' expects parameter '@REGN_GUID', which was not supplied.
27/12/2017 03:36:16 PM SIDDHESH-PC COMFLEX\1150 iisexpress 11  NVAPI.Nlogger.nLoggerMsg(e:\TFS\NaamVidya\NV\NaamVidya\Nlogger.cs:19) ERROR - Procedure or function 'NV_SP_GetSavedOrderDetail' expects parameter '@REGN_GUID', which was not supplied.
27/12/2017 03:36:17 PM SIDDHESH-PC COMFLEX\1150 iisexpress 14  NVAPI.Nlogger.nLoggerMsg(e:\TFS\NaamVidya\NV\NaamVidya\Nlogger.cs:19) ERROR - Procedure or function 'NV_SP_GetSavedOrderDetail' expects parameter '@REGN_GUID', which was not supplied.
27/12/2017 03:36:18 PM SIDDHESH-PC COMFLEX\1150 iisexpress 15  NVAPI.Nlogger.nLoggerMsg(e:\TFS\NaamVidya\NV\NaamVidya\Nlogger.cs:19) ERROR - Procedure or function 'NV_SP_GetSavedOrderDetail' expects parameter '@REGN_GUID', which was not supplied.
27/12/2017 03:36:19 PM SIDDHESH-PC COMFLEX\1150 iisexpress 16  NVAPI.Nlogger.nLoggerMsg(e:\TFS\NaamVidya\NV\NaamVidya\Nlogger.cs:19) ERROR - Procedure or function 'NV_SP_GetSavedOrderDetail' expects parameter '@REGN_GUID', which was not supplied.
27/12/2017 03:36:21 PM SIDDHESH-PC COMFLEX\1150 iisexpress 6   NVAPI.Nlogger.nLoggerMsg(e:\TFS\NaamVidya\NV\NaamVidya\Nlogger.cs:19) ERROR - Procedure or function 'NV_SP_GetSavedOrderDetail' expects parameter '@REGN_GUID', which was not supplied.
27/12/2017 03:36:22 PM SIDDHESH-PC COMFLEX\1150 iisexpress 15  NVAPI.Nlogger.nLoggerMsg(e:\TFS\NaamVidya\NV\NaamVidya\Nlogger.cs:19) ERROR - Procedure or function 'NV_SP_GetSavedOrderDetail' expects parameter '@REGN_GUID', which was not supplied.
27/12/2017 03:36:22 PM SIDDHESH-PC COMFLEX\1150 iisexpress 7   NVAPI.Nlogger.nLoggerMsg(e:\TFS\NaamVidya\NV\NaamVidya\Nlogger.cs:19) ERROR - Procedure or function 'NV_SP_GetSavedOrderDetail' expects parameter '@REGN_GUID', which was not supplied.
27/12/2017 03:36:24 PM SIDDHESH-PC COMFLEX\1150 iisexpress 15  NVAPI.Nlogger.nLoggerMsg(e:\TFS\NaamVidya\NV\NaamVidya\Nlogger.cs:19) ERROR - Procedure or function 'NV_SP_GetSavedOrderDetail' expects parameter '@REGN_GUID', which was not supplied.
27/12/2017 03:36:39 PM SIDDHESH-PC COMFLEX\1150 iisexpress 18  NVAPI.Nlogger.nLoggerMsg(e:\TFS\NaamVidya\NV\NaamVidya\Nlogger.cs:19) ERROR - Procedure or function 'NV_SP_GetSavedOrderDetail' expects parameter '@REGN_GUID', which was not supplied.
27/12/2017 03:36:40 PM SIDDHESH-PC COMFLEX\1150 iisexpress 7   NVAPI.Nlogger.nLoggerMsg(e:\TFS\NaamVidya\NV\NaamVidya\Nlogger.cs:19) ERROR - Procedure or function 'NV_SP_GetSavedOrderDetail' expects parameter '@REGN_GUID', which was not supplied.
27/12/2017 03:36:40 PM SIDDHESH-PC COMFLEX\1150 iisexpress 15  NVAPI.Nlogger.nLoggerMsg(e:\TFS\NaamVidya\NV\NaamVidya\Nlogger.cs:19) ERROR - Procedure or function 'NV_SP_GetSavedOrderDetail' expects parameter '@REGN_GUID', which was not supplied.
27/12/2017 03:36:41 PM SIDDHESH-PC COMFLEX\1150 iisexpress 11  NVAPI.Nlogger.nLoggerMsg(e:\TFS\NaamVidya\NV\NaamVidya\Nlogger.cs:19) ERROR - Procedure or function 'NV_SP_GetSavedOrderDetail' expects parameter '@REGN_GUID', which was not supplied.
27/12/2017 03:36:42 PM SIDDHESH-PC COMFLEX\1150 iisexpress 15  NVAPI.Nlogger.nLoggerMsg(e:\TFS\NaamVidya\NV\NaamVidya\Nlogger.cs:19) ERROR - Procedure or function 'NV_SP_GetSavedOrderDetail' expects parameter '@REGN_GUID', which was not supplied.
27/12/2017 03:36:43 PM SIDDHESH-PC COMFLEX\1150 iisexpress 6   NVAPI.Nlogger.nLoggerMsg(e:\TFS\NaamVidya\NV\NaamVidya\Nlogger.cs:19) ERROR - Procedure or function 'NV_SP_GetSavedOrderDetail' expects parameter '@REGN_GUID', which was not supplied.
27/12/2017 03:36:44 PM SIDDHESH-PC COMFLEX\1150 iisexpress 14  NVAPI.Nlogger.nLoggerMsg(e:\TFS\NaamVidya\NV\NaamVidya\Nlogger.cs:19) ERROR - Procedure or function 'NV_SP_GetSavedOrderDetail' expects parameter '@REGN_GUID', which was not supplied.
27/12/2017 03:36:45 PM SIDDHESH-PC COMFLEX\1150 iisexpress 7   NVAPI.Nlogger.nLoggerMsg(e:\TFS\NaamVidya\NV\NaamVidya\Nlogger.cs:19) ERROR - Procedure or function 'NV_SP_GetSavedOrderDetail' expects parameter '@REGN_GUID', which was not supplied.
27/12/2017 03:40:23 PM SIDDHESH-PC COMFLEX\1150 iisexpress 15  NVAPI.Nlogger.nLoggerMsg(e:\TFS\NaamVidya\NV\NaamVidya\Nlogger.cs:19) ERROR - Procedure or function 'NV_SP_GetSavedOrderDetail' expects parameter '@REGN_GUID', which was not supplied.
27/12/2017 04:33:31 PM SIDDHESH-PC COMFLEX\1150 iisexpress 33  NVAPI.Nlogger.nLoggerMsg(e:\TFS\NaamVidya\NV\NaamVidya\Nlogger.cs:19) ERROR - Procedure or function 'NV_SP_GetSavedOrderDetail' expects parameter '@REGN_GUID', which was not supplied.
27/12/2017 04:36:12 PM SIDDHESH-PC COMFLEX\1150 iisexpress 33  NVAPI.Nlogger.nLoggerMsg(e:\TFS\NaamVidya\NV\NaamVidya\Nlogger.cs:19) ERROR - Procedure or function 'NV_SP_GetSavedOrderDetail' expects parameter '@REGN_GUID', which was not supplied.
27/12/2017 04:38:36 PM SIDDHESH-PC COMFLEX\1150 iisexpress 39  NVAPI.Nlogger.nLoggerMsg(e:\TFS\NaamVidya\NV\NaamVidya\Nlogger.cs:19) ERROR - Procedure or function 'NV_SP_GetSavedOrderDetail' expects parameter '@REGN_GUID', which was not supplied.
27/12/2017 04:39:25 PM SIDDHESH-PC COMFLEX\1150 iisexpress 35  NVAPI.Nlogger.nLoggerMsg(e:\TFS\NaamVidya\NV\NaamVidya\Nlogger.cs:19) ERROR - Procedure or function 'NV_SP_GetSavedOrderDetail' expects parameter '@REGN_GUID', which was not supplied.
27/12/2017 04:39:48 PM SIDDHESH-PC COMFLEX\1150 iisexpress 35  NVAPI.Nlogger.nLoggerMsg(e:\TFS\NaamVidya\NV\NaamVidya\Nlogger.cs:19) ERROR - Procedure or function 'NV_SP_GetSavedOrderDetail' expects parameter '@REGN_GUID', which was not supplied.
27/12/2017 05:05:25 PM SIDDHESH-PC COMFLEX\1150 iisexpress 9   NVAPI.Nlogger.nLoggerMsg(e:\TFS\NaamVidya\NV\NaamVidya\Nlogger.cs:19) ERROR - Object reference not set to an instance of an object.
27/12/2017 05:05:50 PM SIDDHESH-PC COMFLEX\1150 iisexpress 9   NVAPI.Nlogger.nLoggerMsg(e:\TFS\NaamVidya\NV\NaamVidya\Nlogger.cs:19) ERROR - Object reference not set to an instance of an object.
27/12/2017 05:07:27 PM SIDDHESH-PC COMFLEX\1150 iisexpress 11  NVAPI.Nlogger.nLoggerMsg(e:\TFS\NaamVidya\NV\NaamVidya\Nlogger.cs:19) ERROR - Procedure or function 'NV_SP_GetSavedOrderDetail' expects parameter '@REGN_GUID', which was not supplied.
27/12/2017 05:23:07 PM SIDDHESH-PC COMFLEX\1150 iisexpress 27  NVAPI.Nlogger.nLoggerMsg(e:\TFS\NaamVidya\NV\NaamVidya\Nlogger.cs:19) ERROR - Object reference not set to an instance of an object.
27/12/2017 05:23:36 PM SIDDHESH-PC COMFLEX\1150 iisexpress 36  NVAPI.Nlogger.nLoggerMsg(e:\TFS\NaamVidya\NV\NaamVidya\Nlogger.cs:19) ERROR - Procedure or function 'NV_SP_GetSavedOrderDetail' expects parameter '@REGN_GUID', which was not supplied.
27/12/2017 06:54:43 PM SIDDHESH-PC COMFLEX\1150 iisexpress 83  NVAPI.Nlogger.nLoggerMsg(e:\TFS\NaamVidya\NV\NaamVidya\Nlogger.cs:19) ERROR - Procedure or function 'NV_SP_GetSavedOrderDetail' expects parameter '@REGN_GUID', which was not supplied.
