03/03/2018 11:57:45 AM SIDDHESH-PC COMFLEX\1150 iisexpress 38  NVAPI.Nlogger.nLoggerMsg(e:\TFS\NaamVidya\NV\NaamVidya\Nlogger.cs:19) ERROR - Cannot resolve the collation conflict between "SQL_Latin1_General_CP1_CI_AS" and "Latin1_General_CI_AI" in the equal to operation.
03/03/2018 11:57:45 AM SIDDHESH-PC COMFLEX\1150 iisexpress 26  NVAPI.Nlogger.nLoggerMsg(e:\TFS\NaamVidya\NV\NaamVidya\Nlogger.cs:19) ERROR - Cannot resolve the collation conflict between "SQL_Latin1_General_CP1_CI_AS" and "Latin1_General_CI_AI" in the equal to operation.
03/03/2018 11:57:45 AM SIDDHESH-PC COMFLEX\1150 iisexpress 8   NVAPI.Nlogger.nLoggerMsg(e:\TFS\NaamVidya\NV\NaamVidya\Nlogger.cs:19) ERROR - Cannot resolve the collation conflict between "SQL_Latin1_General_CP1_CI_AS" and "Latin1_General_CI_AI" in the equal to operation.
03/03/2018 11:57:45 AM SIDDHESH-PC COMFLEX\1150 iisexpress 39  NVAPI.Nlogger.nLoggerMsg(e:\TFS\NaamVidya\NV\NaamVidya\Nlogger.cs:19) ERROR - Cannot resolve the collation conflict between "SQL_Latin1_General_CP1_CI_AS" and "Latin1_General_CI_AI" in the equal to operation.
03/03/2018 11:58:08 AM SIDDHESH-PC COMFLEX\1150 iisexpress 38  NVAPI.Nlogger.nLoggerMsg(e:\TFS\NaamVidya\NV\NaamVidya\Nlogger.cs:19) ERROR - Cannot resolve the collation conflict between "SQL_Latin1_General_CP1_CI_AS" and "Latin1_General_CI_AI" in the equal to operation.
03/03/2018 12:00:14 PM SIDDHESH-PC COMFLEX\1150 iisexpress 8   NVAPI.Nlogger.nLoggerMsg(e:\TFS\NaamVidya\NV\NaamVidya\Nlogger.cs:19) ERROR - Cannot resolve the collation conflict between "SQL_Latin1_General_CP1_CI_AS" and "Latin1_General_CI_AI" in the equal to operation.
03/03/2018 12:03:35 PM SIDDHESH-PC COMFLEX\1150 iisexpress 35  NVAPI.Nlogger.nLoggerMsg(e:\TFS\NaamVidya\NV\NaamVidya\Nlogger.cs:19) ERROR - Cannot resolve the collation conflict between "SQL_Latin1_General_CP1_CI_AS" and "Latin1_General_CI_AI" in the equal to operation.
03/03/2018 12:09:59 PM SIDDHESH-PC COMFLEX\1150 iisexpress 7   NVAPI.Nlogger.nLoggerMsg(e:\TFS\NaamVidya\NV\NaamVidya\Nlogger.cs:19) ERROR - Cannot resolve the collation conflict between "SQL_Latin1_General_CP1_CI_AS" and "Latin1_General_CI_AI" in the equal to operation.
03/03/2018 12:31:43 PM SIDDHESH-PC COMFLEX\1150 iisexpress 23  NVAPI.Nlogger.nLoggerMsg(e:\TFS\NaamVidya\NV\NaamVidya\Nlogger.cs:19) ERROR - Cannot resolve the collation conflict between "SQL_Latin1_General_CP1_CI_AS" and "Latin1_General_CI_AI" in the equal to operation.
03/03/2018 01:34:16 PM SIDDHESH-PC COMFLEX\1150 iisexpress 12  NVAPI.Nlogger.nLoggerMsg(e:\TFS\NaamVidya\NV\NaamVidya\Nlogger.cs:19) ERROR - Cannot resolve the collation conflict between "SQL_Latin1_General_CP1_CI_AS" and "Latin1_General_CI_AI" in the equal to operation.
03/03/2018 01:35:18 PM SIDDHESH-PC COMFLEX\1150 iisexpress 12  NVAPI.Nlogger.nLoggerMsg(e:\TFS\NaamVidya\NV\NaamVidya\Nlogger.cs:19) ERROR - Cannot resolve the collation conflict between "SQL_Latin1_General_CP1_CI_AS" and "Latin1_General_CI_AI" in the equal to operation.
03/03/2018 01:35:22 PM SIDDHESH-PC COMFLEX\1150 iisexpress 12  NVAPI.Nlogger.nLoggerMsg(e:\TFS\NaamVidya\NV\NaamVidya\Nlogger.cs:19) ERROR - Cannot resolve the collation conflict between "SQL_Latin1_General_CP1_CI_AS" and "Latin1_General_CI_AI" in the equal to operation.
03/03/2018 01:38:59 PM SIDDHESH-PC COMFLEX\1150 iisexpress 20  NVAPI.Nlogger.nLoggerMsg(e:\TFS\NaamVidya\NV\NaamVidya\Nlogger.cs:19) ERROR - Cannot resolve the collation conflict between "SQL_Latin1_General_CP1_CI_AS" and "Latin1_General_CI_AI" in the equal to operation.
03/03/2018 02:41:31 PM SIDDHESH-PC COMFLEX\1150 iisexpress 9   NVAPI.Nlogger.nLoggerMsg(e:\TFS\NaamVidya\NV\NaamVidya\Nlogger.cs:19) ERROR - Procedure or function 'NV_SP_GetExpressDelivery' expects parameter '@REGN_GUID', which was not supplied.
03/03/2018 02:53:55 PM SIDDHESH-PC COMFLEX\1150 iisexpress 9   NVAPI.Nlogger.nLoggerMsg(e:\TFS\NaamVidya\NV\NaamVidya\Nlogger.cs:19) ERROR - Procedure or function 'NV_SP_GetExpressDelivery' expects parameter '@REGN_GUID', which was not supplied.
03/03/2018 03:03:56 PM SIDDHESH-PC COMFLEX\1150 iisexpress 10  NVAPI.Nlogger.nLoggerMsg(e:\TFS\NaamVidya\NV\NaamVidya\Nlogger.cs:19) ERROR - Procedure or function 'NV_SP_GetExpressDelivery' expects parameter '@REGN_GUID', which was not supplied.
03/03/2018 03:13:43 PM SIDDHESH-PC COMFLEX\1150 iisexpress 11  NVAPI.Nlogger.nLoggerMsg(e:\TFS\NaamVidya\NV\NaamVidya\Nlogger.cs:19) ERROR - Procedure or function 'NV_SP_GetExpressDelivery' expects parameter '@REGN_GUID', which was not supplied.
03/03/2018 03:19:43 PM SIDDHESH-PC COMFLEX\1150 iisexpress 11  NVAPI.Nlogger.nLoggerMsg(e:\TFS\NaamVidya\NV\NaamVidya\Nlogger.cs:19) ERROR - Procedure or function 'NV_SP_GetExpressDelivery' expects parameter '@REGN_GUID', which was not supplied.
03/03/2018 04:56:17 PM SIDDHESH-PC COMFLEX\1150 iisexpress 8   NVAPI.Nlogger.DebugLogger(e:\TFS\NaamVidya\NV\NaamVidya\Nlogger.cs:24) DEBUG - SessionID :3vvmeqz3t3rqzp0kyfr2crry | FirstName : hasti
03/03/2018 04:58:48 PM SIDDHESH-PC COMFLEX\1150 iisexpress 8   NVAPI.Nlogger.DebugLogger(e:\TFS\NaamVidya\NV\NaamVidya\Nlogger.cs:24) DEBUG - SessionID :3vvmeqz3t3rqzp0kyfr2crry | FirstName : baby
03/03/2018 04:59:16 PM SIDDHESH-PC COMFLEX\1150 iisexpress 10  NVAPI.Nlogger.DebugLogger(e:\TFS\NaamVidya\NV\NaamVidya\Nlogger.cs:24) DEBUG - SessionID :3vvmeqz3t3rqzp0kyfr2crry | FirstName : hasti
03/03/2018 05:00:32 PM SIDDHESH-PC COMFLEX\1150 iisexpress 11  NVAPI.Nlogger.DebugLogger(e:\TFS\NaamVidya\NV\NaamVidya\Nlogger.cs:24) DEBUG - SessionID :3vvmeqz3t3rqzp0kyfr2crry | FirstName : test
03/03/2018 05:01:55 PM SIDDHESH-PC COMFLEX\1150 iisexpress 8   NVAPI.Nlogger.DebugLogger(e:\TFS\NaamVidya\NV\NaamVidya\Nlogger.cs:24) DEBUG - SessionID :3vvmeqz3t3rqzp0kyfr2crry | FirstName : doll
03/03/2018 05:05:22 PM SIDDHESH-PC COMFLEX\1150 iisexpress 16  NVAPI.Nlogger.DebugLogger(e:\TFS\NaamVidya\NV\NaamVidya\Nlogger.cs:24) DEBUG - SessionID :3vvmeqz3t3rqzp0kyfr2crry | FirstName : test
03/03/2018 05:06:59 PM SIDDHESH-PC COMFLEX\1150 iisexpress 14  NVAPI.Nlogger.DebugLogger(e:\TFS\NaamVidya\NV\NaamVidya\Nlogger.cs:24) DEBUG - SessionID :3vvmeqz3t3rqzp0kyfr2crry | FirstName : hasti
03/03/2018 05:11:47 PM SIDDHESH-PC COMFLEX\1150 iisexpress 8   NVAPI.Nlogger.DebugLogger(e:\TFS\NaamVidya\NV\NaamVidya\Nlogger.cs:24) DEBUG - SessionID :3vvmeqz3t3rqzp0kyfr2crry | FirstName : first
03/03/2018 05:14:48 PM SIDDHESH-PC COMFLEX\1150 iisexpress 8   NVAPI.Nlogger.DebugLogger(e:\TFS\NaamVidya\NV\NaamVidya\Nlogger.cs:24) DEBUG - SessionID :3vvmeqz3t3rqzp0kyfr2crry | FirstName : baby
