02/01/2018 11:34:35 AM SIDDHESH-PC COMFLEX\1150 iisexpress 8   NVAPI.Nlogger.nLoggerMsg(e:\TFS\NaamVidya\NV\NaamVidya\Nlogger.cs:19) ERROR - Object reference not set to an instance of an object.
02/01/2018 11:35:25 AM SIDDHESH-PC COMFLEX\1150 iisexpress 11  NVAPI.Nlogger.nLoggerMsg(e:\TFS\NaamVidya\NV\NaamVidya\Nlogger.cs:19) ERROR - Object reference not set to an instance of an object.
02/01/2018 11:36:54 AM SIDDHESH-PC COMFLEX\1150 iisexpress 9   NVAPI.Nlogger.nLoggerMsg(e:\TFS\NaamVidya\NV\NaamVidya\Nlogger.cs:19) ERROR - Object reference not set to an instance of an object.
02/01/2018 11:37:23 AM SIDDHESH-PC COMFLEX\1150 iisexpress 5   NVAPI.Nlogger.nLoggerMsg(e:\TFS\NaamVidya\NV\NaamVidya\Nlogger.cs:19) ERROR - Object reference not set to an instance of an object.
02/01/2018 11:37:42 AM SIDDHESH-PC COMFLEX\1150 iisexpress 10  NVAPI.Nlogger.nLoggerMsg(e:\TFS\NaamVidya\NV\NaamVidya\Nlogger.cs:19) ERROR - Object reference not set to an instance of an object.
02/01/2018 11:38:27 AM SIDDHESH-PC COMFLEX\1150 iisexpress 10  NVAPI.Nlogger.nLoggerMsg(e:\TFS\NaamVidya\NV\NaamVidya\Nlogger.cs:19) ERROR - Object reference not set to an instance of an object.
02/01/2018 11:39:12 AM SIDDHESH-PC COMFLEX\1150 iisexpress 11  NVAPI.Nlogger.nLoggerMsg(e:\TFS\NaamVidya\NV\NaamVidya\Nlogger.cs:19) ERROR - Object reference not set to an instance of an object.
02/01/2018 11:54:13 AM SIDDHESH-PC COMFLEX\1150 iisexpress 12  NVAPI.Nlogger.nLoggerMsg ERROR - Object reference not set to an instance of an object.
02/01/2018 12:05:01 PM SIDDHESH-PC COMFLEX\1150 iisexpress 47  NVAPI.Nlogger.nLoggerMsg ERROR - Object reference not set to an instance of an object.
02/01/2018 12:09:01 PM SIDDHESH-PC COMFLEX\1150 iisexpress 51  NVAPI.Nlogger.nLoggerMsg ERROR - Invalid length for a Base-64 char array or string.
02/01/2018 12:38:01 PM SIDDHESH-PC COMFLEX\1150 iisexpress 10  NVAPI.Nlogger.nLoggerMsg(e:\TFS\NaamVidya\NV\NaamVidya\Nlogger.cs:19) ERROR - Object reference not set to an instance of an object.
02/01/2018 12:39:25 PM SIDDHESH-PC COMFLEX\1150 iisexpress 11  NVAPI.Nlogger.nLoggerMsg(e:\TFS\NaamVidya\NV\NaamVidya\Nlogger.cs:19) ERROR - Object reference not set to an instance of an object.
02/01/2018 12:42:25 PM SIDDHESH-PC COMFLEX\1150 iisexpress 11  NVAPI.Nlogger.nLoggerMsg(e:\TFS\NaamVidya\NV\NaamVidya\Nlogger.cs:19) ERROR - Object reference not set to an instance of an object.
02/01/2018 12:43:51 PM SIDDHESH-PC COMFLEX\1150 iisexpress 5   NVAPI.Nlogger.nLoggerMsg(e:\TFS\NaamVidya\NV\NaamVidya\Nlogger.cs:19) ERROR - The input data is not a complete block.
02/01/2018 12:48:59 PM SIDDHESH-PC COMFLEX\1150 iisexpress 14  NVAPI.Nlogger.nLoggerMsg(e:\TFS\NaamVidya\NV\NaamVidya\Nlogger.cs:19) ERROR - Invalid object name '#t'.
02/01/2018 01:09:05 PM SIDDHESH-PC COMFLEX\1150 iisexpress 8   NVAPI.Nlogger.nLoggerMsg(e:\TFS\NaamVidya\NV\NaamVidya\Nlogger.cs:19) ERROR - Object reference not set to an instance of an object.
02/01/2018 01:12:06 PM SIDDHESH-PC COMFLEX\1150 iisexpress 5   NVAPI.Nlogger.nLoggerMsg(e:\TFS\NaamVidya\NV\NaamVidya\Nlogger.cs:19) ERROR - The input data is not a complete block.
02/01/2018 01:18:54 PM SIDDHESH-PC COMFLEX\1150 iisexpress 7   NVAPI.Nlogger.nLoggerMsg(e:\TFS\NaamVidya\NV\NaamVidya\Nlogger.cs:19) ERROR - Object reference not set to an instance of an object.
02/01/2018 02:26:47 PM SIDDHESH-PC COMFLEX\1150 iisexpress 7   NVAPI.Nlogger.nLoggerMsg ERROR - Object reference not set to an instance of an object.
02/01/2018 02:32:30 PM SIDDHESH-PC COMFLEX\1150 iisexpress 26  NVAPI.Nlogger.nLoggerMsg ERROR - Object reference not set to an instance of an object.
02/01/2018 02:39:22 PM SIDDHESH-PC COMFLEX\1150 iisexpress 24  NVAPI.Nlogger.nLoggerMsg ERROR - Object reference not set to an instance of an object.
02/01/2018 02:40:07 PM SIDDHESH-PC COMFLEX\1150 iisexpress 37  NVAPI.Nlogger.nLoggerMsg ERROR - Object reference not set to an instance of an object.
02/01/2018 03:05:31 PM SIDDHESH-PC COMFLEX\1150 iisexpress 8   NVAPI.Nlogger.nLoggerMsg ERROR - Object reference not set to an instance of an object.
02/01/2018 03:14:42 PM SIDDHESH-PC COMFLEX\1150 iisexpress 12  NVAPI.Nlogger.nLoggerMsg ERROR - Object reference not set to an instance of an object.
02/01/2018 03:17:15 PM SIDDHESH-PC COMFLEX\1150 iisexpress 25  NVAPI.Nlogger.nLoggerMsg ERROR - The input data is not a complete block.
02/01/2018 03:18:36 PM SIDDHESH-PC COMFLEX\1150 iisexpress 26  NVAPI.Nlogger.nLoggerMsg ERROR - Object reference not set to an instance of an object.
02/01/2018 03:19:06 PM SIDDHESH-PC COMFLEX\1150 iisexpress 9   NVAPI.Nlogger.nLoggerMsg ERROR - Invalid length for a Base-64 char array or string.
02/01/2018 03:19:23 PM SIDDHESH-PC COMFLEX\1150 iisexpress 9   NVAPI.Nlogger.nLoggerMsg ERROR - Invalid length for a Base-64 char array or string.
02/01/2018 03:19:39 PM SIDDHESH-PC COMFLEX\1150 iisexpress 9   NVAPI.Nlogger.nLoggerMsg ERROR - The input data is not a complete block.
02/01/2018 03:26:22 PM SIDDHESH-PC COMFLEX\1150 iisexpress 20  NVAPI.Nlogger.nLoggerMsg ERROR - Invalid object name '#t'.
02/01/2018 03:26:32 PM SIDDHESH-PC COMFLEX\1150 iisexpress 20  NVAPI.Nlogger.nLoggerMsg ERROR - Object reference not set to an instance of an object.
02/01/2018 03:29:23 PM SIDDHESH-PC COMFLEX\1150 iisexpress 20  NVAPI.Nlogger.nLoggerMsg ERROR - Invalid object name '#t'.
02/01/2018 03:29:32 PM SIDDHESH-PC COMFLEX\1150 iisexpress 20  NVAPI.Nlogger.nLoggerMsg ERROR - Invalid object name '#t'.
02/01/2018 03:31:32 PM SIDDHESH-PC COMFLEX\1150 iisexpress 25  NVAPI.Nlogger.nLoggerMsg ERROR - Invalid object name '#t'.
02/01/2018 03:51:16 PM SIDDHESH-PC COMFLEX\1150 iisexpress 7   NVAPI.Nlogger.nLoggerMsg(e:\TFS\NaamVidya\NV\NaamVidya\Nlogger.cs:19) ERROR - Object reference not set to an instance of an object.
02/01/2018 03:51:47 PM SIDDHESH-PC COMFLEX\1150 iisexpress 11  NVAPI.Nlogger.nLoggerMsg(e:\TFS\NaamVidya\NV\NaamVidya\Nlogger.cs:19) ERROR - Object reference not set to an instance of an object.
02/01/2018 03:52:00 PM SIDDHESH-PC COMFLEX\1150 iisexpress 11  NVAPI.Nlogger.nLoggerMsg(e:\TFS\NaamVidya\NV\NaamVidya\Nlogger.cs:19) ERROR - Object reference not set to an instance of an object.
02/01/2018 03:57:36 PM SIDDHESH-PC COMFLEX\1150 iisexpress 11  NVAPI.Nlogger.nLoggerMsg ERROR - The input is not a valid Base-64 string as it contains a non-base 64 character, more than two padding characters, or an illegal character among the padding characters. 
02/01/2018 04:00:24 PM SIDDHESH-PC COMFLEX\1150 iisexpress 9   NVAPI.Nlogger.nLoggerMsg ERROR - Procedure or function NV_SP_saveInfoDetails has too many arguments specified.
02/01/2018 04:00:30 PM SIDDHESH-PC COMFLEX\1150 iisexpress 9   NVAPI.Nlogger.nLoggerMsg ERROR - Invalid object name '#t'.
02/01/2018 04:03:22 PM SIDDHESH-PC COMFLEX\1150 iisexpress 10  NVAPI.Nlogger.nLoggerMsg ERROR - Object reference not set to an instance of an object.
02/01/2018 04:03:32 PM SIDDHESH-PC COMFLEX\1150 iisexpress 22  NVAPI.Nlogger.nLoggerMsg ERROR - Object reference not set to an instance of an object.
02/01/2018 04:04:42 PM SIDDHESH-PC COMFLEX\1150 iisexpress 9   NVAPI.Nlogger.nLoggerMsg ERROR - Object reference not set to an instance of an object.
02/01/2018 04:06:20 PM SIDDHESH-PC COMFLEX\1150 iisexpress 23  NVAPI.Nlogger.nLoggerMsg ERROR - Object reference not set to an instance of an object.
02/01/2018 04:10:21 PM SIDDHESH-PC COMFLEX\1150 iisexpress 33  NVAPI.Nlogger.nLoggerMsg ERROR - Object reference not set to an instance of an object.
02/01/2018 04:10:43 PM SIDDHESH-PC COMFLEX\1150 iisexpress 29  NVAPI.Nlogger.nLoggerMsg ERROR - Object reference not set to an instance of an object.
02/01/2018 04:11:43 PM SIDDHESH-PC COMFLEX\1150 iisexpress 22  NVAPI.Nlogger.nLoggerMsg ERROR - Object reference not set to an instance of an object.
02/01/2018 04:34:45 PM SIDDHESH-PC COMFLEX\1150 iisexpress 49  NVAPI.Nlogger.nLoggerMsg ERROR - Object reference not set to an instance of an object.
02/01/2018 04:43:37 PM SIDDHESH-PC COMFLEX\1150 iisexpress 9   NVAPI.Nlogger.nLoggerMsg(e:\TFS\NaamVidya\NV\NaamVidya\Nlogger.cs:19) ERROR - Object reference not set to an instance of an object.
02/01/2018 04:46:29 PM SIDDHESH-PC COMFLEX\1150 iisexpress 20  NVAPI.Nlogger.nLoggerMsg(e:\TFS\NaamVidya\NV\NaamVidya\Nlogger.cs:19) ERROR - Invalid object name '#t'.
02/01/2018 04:55:38 PM SIDDHESH-PC COMFLEX\1150 iisexpress 30  NVAPI.Nlogger.nLoggerMsg(e:\TFS\NaamVidya\NV\NaamVidya\Nlogger.cs:19) ERROR - Invalid object name '#t'.
02/01/2018 05:05:52 PM SIDDHESH-PC COMFLEX\1150 iisexpress 48  NVAPI.Nlogger.nLoggerMsg(e:\TFS\NaamVidya\NV\NaamVidya\Nlogger.cs:19) ERROR - Invalid length for a Base-64 char array or string.
02/01/2018 05:07:31 PM SIDDHESH-PC COMFLEX\1150 iisexpress 46  NVAPI.Nlogger.nLoggerMsg(e:\TFS\NaamVidya\NV\NaamVidya\Nlogger.cs:19) ERROR - Invalid length for a Base-64 char array or string.
02/01/2018 05:21:28 PM SIDDHESH-PC COMFLEX\1150 iisexpress 23  NVAPI.Nlogger.nLoggerMsg ERROR - Invalid length for a Base-64 char array or string.
02/01/2018 05:41:07 PM SIDDHESH-PC COMFLEX\1150 iisexpress 42  NVAPI.Nlogger.nLoggerMsg ERROR - Failure sending mail.
02/01/2018 05:52:05 PM SIDDHESH-PC COMFLEX\1150 iisexpress 19  NVAPI.Nlogger.nLoggerMsg ERROR - Invalid length for a Base-64 char array or string.
02/01/2018 05:52:13 PM SIDDHESH-PC COMFLEX\1150 iisexpress 36  NVAPI.Nlogger.nLoggerMsg ERROR - Invalid length for a Base-64 char array or string.
02/01/2018 05:53:04 PM SIDDHESH-PC COMFLEX\1150 iisexpress 36  NVAPI.Nlogger.nLoggerMsg ERROR - Invalid length for a Base-64 char array or string.
02/01/2018 05:53:50 PM SIDDHESH-PC COMFLEX\1150 iisexpress 36  NVAPI.Nlogger.nLoggerMsg ERROR - Invalid length for a Base-64 char array or string.
