19/02/2018 11:57:22 AM SIDDHESH-PC COMFLEX\1150 iisexpress 47  NVAPI.Nlogger.DebugLogger(e:\TFS\NaamVidya\NV\NaamVidya\Nlogger.cs:24) DEBUG - step-1
19/02/2018 11:57:22 AM SIDDHESH-PC COMFLEX\1150 iisexpress 47  NVAPI.Nlogger.DebugLogger(e:\TFS\NaamVidya\NV\NaamVidya\Nlogger.cs:24) DEBUG - Dr
19/02/2018 11:57:22 AM SIDDHESH-PC COMFLEX\1150 iisexpress 47  NVAPI.Nlogger.DebugLogger(e:\TFS\NaamVidya\NV\NaamVidya\Nlogger.cs:24) DEBUG - Platinum Baby Name
19/02/2018 11:57:22 AM SIDDHESH-PC COMFLEX\1150 iisexpress 47  NVAPI.Nlogger.DebugLogger(e:\TFS\NaamVidya\NV\NaamVidya\Nlogger.cs:24) DEBUG - USD
19/02/2018 11:57:22 AM SIDDHESH-PC COMFLEX\1150 iisexpress 47  NVAPI.Nlogger.DebugLogger(e:\TFS\NaamVidya\NV\NaamVidya\Nlogger.cs:24) DEBUG - 55.00
19/02/2018 11:57:22 AM SIDDHESH-PC COMFLEX\1150 iisexpress 47  NVAPI.Nlogger.DebugLogger(e:\TFS\NaamVidya\NV\NaamVidya\Nlogger.cs:24) DEBUG - 110.00
19/02/2018 11:57:22 AM SIDDHESH-PC COMFLEX\1150 iisexpress 47  NVAPI.Nlogger.DebugLogger(e:\TFS\NaamVidya\NV\NaamVidya\Nlogger.cs:24) DEBUG - 90.00
19/02/2018 11:57:22 AM SIDDHESH-PC COMFLEX\1150 iisexpress 47  NVAPI.Nlogger.DebugLogger(e:\TFS\NaamVidya\NV\NaamVidya\Nlogger.cs:24) DEBUG - 20.00
19/02/2018 11:57:22 AM SIDDHESH-PC COMFLEX\1150 iisexpress 47  NVAPI.Nlogger.DebugLogger(e:\TFS\NaamVidya\NV\NaamVidya\Nlogger.cs:24) DEBUG - Name Correction
19/02/2018 11:57:22 AM SIDDHESH-PC COMFLEX\1150 iisexpress 47  NVAPI.Nlogger.DebugLogger(e:\TFS\NaamVidya\NV\NaamVidya\Nlogger.cs:24) DEBUG - USD
19/02/2018 11:57:22 AM SIDDHESH-PC COMFLEX\1150 iisexpress 47  NVAPI.Nlogger.DebugLogger(e:\TFS\NaamVidya\NV\NaamVidya\Nlogger.cs:24) DEBUG - 55.00
19/02/2018 11:57:22 AM SIDDHESH-PC COMFLEX\1150 iisexpress 47  NVAPI.Nlogger.DebugLogger(e:\TFS\NaamVidya\NV\NaamVidya\Nlogger.cs:24) DEBUG - 110.00
19/02/2018 11:57:22 AM SIDDHESH-PC COMFLEX\1150 iisexpress 47  NVAPI.Nlogger.DebugLogger(e:\TFS\NaamVidya\NV\NaamVidya\Nlogger.cs:24) DEBUG - 90.00
19/02/2018 11:57:22 AM SIDDHESH-PC COMFLEX\1150 iisexpress 47  NVAPI.Nlogger.DebugLogger(e:\TFS\NaamVidya\NV\NaamVidya\Nlogger.cs:24) DEBUG - 20.00
19/02/2018 11:57:22 AM SIDDHESH-PC COMFLEX\1150 iisexpress 47  NVAPI.Nlogger.DebugLogger(e:\TFS\NaamVidya\NV\NaamVidya\Nlogger.cs:24) DEBUG - step-2
19/02/2018 11:57:22 AM SIDDHESH-PC COMFLEX\1150 iisexpress 47  NVAPI.Nlogger.DebugLogger(e:\TFS\NaamVidya\NV\NaamVidya\Nlogger.cs:24) DEBUG - details
19/02/2018 11:57:22 AM SIDDHESH-PC COMFLEX\1150 iisexpress 47  NVAPI.Nlogger.DebugLogger(e:\TFS\NaamVidya\NV\NaamVidya\Nlogger.cs:24) DEBUG - 20.00
19/02/2018 11:57:22 AM SIDDHESH-PC COMFLEX\1150 iisexpress 47  NVAPI.Nlogger.DebugLogger(e:\TFS\NaamVidya\NV\NaamVidya\Nlogger.cs:24) DEBUG - 110.00
19/02/2018 11:57:22 AM SIDDHESH-PC COMFLEX\1150 iisexpress 47  NVAPI.Nlogger.DebugLogger(e:\TFS\NaamVidya\NV\NaamVidya\Nlogger.cs:24) DEBUG - step-3
19/02/2018 11:57:22 AM SIDDHESH-PC COMFLEX\1150 iisexpress 47  NVAPI.Nlogger.DebugLogger(e:\TFS\NaamVidya\NV\NaamVidya\Nlogger.cs:24) DEBUG - amount
19/02/2018 11:57:22 AM SIDDHESH-PC COMFLEX\1150 iisexpress 47  NVAPI.Nlogger.DebugLogger(e:\TFS\NaamVidya\NV\NaamVidya\Nlogger.cs:24) DEBUG - USD
19/02/2018 11:57:22 AM SIDDHESH-PC COMFLEX\1150 iisexpress 47  NVAPI.Nlogger.DebugLogger(e:\TFS\NaamVidya\NV\NaamVidya\Nlogger.cs:24) DEBUG - 90.00
19/02/2018 11:57:22 AM SIDDHESH-PC COMFLEX\1150 iisexpress 47  NVAPI.Nlogger.DebugLogger(e:\TFS\NaamVidya\NV\NaamVidya\Nlogger.cs:24) DEBUG - T201802191157183976
19/02/2018 11:57:22 AM SIDDHESH-PC COMFLEX\1150 iisexpress 47  NVAPI.Nlogger.DebugLogger(e:\TFS\NaamVidya\NV\NaamVidya\Nlogger.cs:24) DEBUG - Siddhesh|siddheshpawar145@gmail.com|Pen|GEORGIA|NA|||0
19/02/2018 11:57:28 AM SIDDHESH-PC COMFLEX\1150 iisexpress 47  NVAPI.Nlogger.DebugLogger(e:\TFS\NaamVidya\NV\NaamVidya\Nlogger.cs:24) DEBUG - step-4
19/02/2018 11:57:28 AM SIDDHESH-PC COMFLEX\1150 iisexpress 47  NVAPI.Nlogger.DebugLogger(e:\TFS\NaamVidya\NV\NaamVidya\Nlogger.cs:24) DEBUG - https://www.sandbox.paypal.com/cgi-bin/webscr?cmd=_express-checkout&token=EC-1DA38866C4533091U
19/02/2018 11:57:28 AM SIDDHESH-PC COMFLEX\1150 iisexpress 47  NVAPI.Nlogger.DebugLogger(e:\TFS\NaamVidya\NV\NaamVidya\Nlogger.cs:24) DEBUG - step-7
19/02/2018 11:59:07 AM SIDDHESH-PC COMFLEX\1150 iisexpress 53  NVAPI.Nlogger.DebugLogger(e:\TFS\NaamVidya\NV\NaamVidya\Nlogger.cs:24) DEBUG - step-1
19/02/2018 11:59:07 AM SIDDHESH-PC COMFLEX\1150 iisexpress 53  NVAPI.Nlogger.DebugLogger(e:\TFS\NaamVidya\NV\NaamVidya\Nlogger.cs:24) DEBUG - Dr
19/02/2018 11:59:07 AM SIDDHESH-PC COMFLEX\1150 iisexpress 53  NVAPI.Nlogger.DebugLogger(e:\TFS\NaamVidya\NV\NaamVidya\Nlogger.cs:24) DEBUG - Platinum Baby Name
19/02/2018 11:59:07 AM SIDDHESH-PC COMFLEX\1150 iisexpress 53  NVAPI.Nlogger.DebugLogger(e:\TFS\NaamVidya\NV\NaamVidya\Nlogger.cs:24) DEBUG - USD
19/02/2018 11:59:07 AM SIDDHESH-PC COMFLEX\1150 iisexpress 53  NVAPI.Nlogger.DebugLogger(e:\TFS\NaamVidya\NV\NaamVidya\Nlogger.cs:24) DEBUG - 55.00
19/02/2018 11:59:07 AM SIDDHESH-PC COMFLEX\1150 iisexpress 53  NVAPI.Nlogger.DebugLogger(e:\TFS\NaamVidya\NV\NaamVidya\Nlogger.cs:24) DEBUG - 145.00
19/02/2018 11:59:07 AM SIDDHESH-PC COMFLEX\1150 iisexpress 53  NVAPI.Nlogger.DebugLogger(e:\TFS\NaamVidya\NV\NaamVidya\Nlogger.cs:24) DEBUG - 115.00
19/02/2018 11:59:07 AM SIDDHESH-PC COMFLEX\1150 iisexpress 53  NVAPI.Nlogger.DebugLogger(e:\TFS\NaamVidya\NV\NaamVidya\Nlogger.cs:24) DEBUG - 30.00
19/02/2018 11:59:07 AM SIDDHESH-PC COMFLEX\1150 iisexpress 53  NVAPI.Nlogger.DebugLogger(e:\TFS\NaamVidya\NV\NaamVidya\Nlogger.cs:24) DEBUG - New Name Platinum
19/02/2018 11:59:07 AM SIDDHESH-PC COMFLEX\1150 iisexpress 53  NVAPI.Nlogger.DebugLogger(e:\TFS\NaamVidya\NV\NaamVidya\Nlogger.cs:24) DEBUG - USD
19/02/2018 11:59:07 AM SIDDHESH-PC COMFLEX\1150 iisexpress 53  NVAPI.Nlogger.DebugLogger(e:\TFS\NaamVidya\NV\NaamVidya\Nlogger.cs:24) DEBUG - 90.00
19/02/2018 11:59:07 AM SIDDHESH-PC COMFLEX\1150 iisexpress 53  NVAPI.Nlogger.DebugLogger(e:\TFS\NaamVidya\NV\NaamVidya\Nlogger.cs:24) DEBUG - 145.00
19/02/2018 11:59:07 AM SIDDHESH-PC COMFLEX\1150 iisexpress 53  NVAPI.Nlogger.DebugLogger(e:\TFS\NaamVidya\NV\NaamVidya\Nlogger.cs:24) DEBUG - 115.00
19/02/2018 11:59:07 AM SIDDHESH-PC COMFLEX\1150 iisexpress 53  NVAPI.Nlogger.DebugLogger(e:\TFS\NaamVidya\NV\NaamVidya\Nlogger.cs:24) DEBUG - 30.00
19/02/2018 11:59:07 AM SIDDHESH-PC COMFLEX\1150 iisexpress 53  NVAPI.Nlogger.DebugLogger(e:\TFS\NaamVidya\NV\NaamVidya\Nlogger.cs:24) DEBUG - step-2
19/02/2018 11:59:07 AM SIDDHESH-PC COMFLEX\1150 iisexpress 53  NVAPI.Nlogger.DebugLogger(e:\TFS\NaamVidya\NV\NaamVidya\Nlogger.cs:24) DEBUG - details
19/02/2018 11:59:07 AM SIDDHESH-PC COMFLEX\1150 iisexpress 53  NVAPI.Nlogger.DebugLogger(e:\TFS\NaamVidya\NV\NaamVidya\Nlogger.cs:24) DEBUG - 30.00
19/02/2018 11:59:07 AM SIDDHESH-PC COMFLEX\1150 iisexpress 53  NVAPI.Nlogger.DebugLogger(e:\TFS\NaamVidya\NV\NaamVidya\Nlogger.cs:24) DEBUG - 145.00
19/02/2018 11:59:07 AM SIDDHESH-PC COMFLEX\1150 iisexpress 53  NVAPI.Nlogger.DebugLogger(e:\TFS\NaamVidya\NV\NaamVidya\Nlogger.cs:24) DEBUG - step-3
19/02/2018 11:59:07 AM SIDDHESH-PC COMFLEX\1150 iisexpress 53  NVAPI.Nlogger.DebugLogger(e:\TFS\NaamVidya\NV\NaamVidya\Nlogger.cs:24) DEBUG - amount
19/02/2018 11:59:07 AM SIDDHESH-PC COMFLEX\1150 iisexpress 53  NVAPI.Nlogger.DebugLogger(e:\TFS\NaamVidya\NV\NaamVidya\Nlogger.cs:24) DEBUG - USD
19/02/2018 11:59:07 AM SIDDHESH-PC COMFLEX\1150 iisexpress 53  NVAPI.Nlogger.DebugLogger(e:\TFS\NaamVidya\NV\NaamVidya\Nlogger.cs:24) DEBUG - 115.00
19/02/2018 11:59:07 AM SIDDHESH-PC COMFLEX\1150 iisexpress 53  NVAPI.Nlogger.DebugLogger(e:\TFS\NaamVidya\NV\NaamVidya\Nlogger.cs:24) DEBUG - T201802191159027679
19/02/2018 11:59:07 AM SIDDHESH-PC COMFLEX\1150 iisexpress 53  NVAPI.Nlogger.DebugLogger(e:\TFS\NaamVidya\NV\NaamVidya\Nlogger.cs:24) DEBUG - Siddhesh|siddheshpawar145@gmail.com|Pen|GERMANY|NA|||0
19/02/2018 11:59:11 AM SIDDHESH-PC COMFLEX\1150 iisexpress 53  NVAPI.Nlogger.nLogger(e:\TFS\NaamVidya\NV\NaamVidya\Nlogger.cs:14) ERROR - PayPal.PaymentsException: The remote server returned an error: (400) Bad Request.
   at PayPal.Api.PayPalResource.ConfigureAndExecute[T](APIContext apiContext, HttpMethod httpMethod, String resource, String payload, String endpoint, Boolean setAuthorizationHeader)
   at PayPal.Api.Payment.Create(APIContext apiContext, Payment payment)
   at PayPal.Api.Payment.Create(APIContext apiContext)
   at NaamVidya.Controllers.RoutesController.RequestToPaypal(DataTable CartDetails, String custom, String sTxnId) in e:\TFS\NaamVidya\NV\NaamVidya\Controllers\RoutesController.cs:line 1654
19/02/2018 11:59:11 AM SIDDHESH-PC COMFLEX\1150 iisexpress 53  NVAPI.Nlogger.nLoggerMsg(e:\TFS\NaamVidya\NV\NaamVidya\Nlogger.cs:19) ERROR - The remote server returned an error: (400) Bad Request.
19/02/2018 12:15:55 PM SIDDHESH-PC COMFLEX\1150 iisexpress 10  NVAPI.Nlogger.DebugLogger(e:\TFS\NaamVidya\NV\NaamVidya\Nlogger.cs:24) DEBUG - step-1
19/02/2018 12:15:55 PM SIDDHESH-PC COMFLEX\1150 iisexpress 10  NVAPI.Nlogger.DebugLogger(e:\TFS\NaamVidya\NV\NaamVidya\Nlogger.cs:24) DEBUG - Dr
19/02/2018 12:15:55 PM SIDDHESH-PC COMFLEX\1150 iisexpress 10  NVAPI.Nlogger.DebugLogger(e:\TFS\NaamVidya\NV\NaamVidya\Nlogger.cs:24) DEBUG - Platinum Baby Name
19/02/2018 12:15:55 PM SIDDHESH-PC COMFLEX\1150 iisexpress 10  NVAPI.Nlogger.DebugLogger(e:\TFS\NaamVidya\NV\NaamVidya\Nlogger.cs:24) DEBUG - USD
19/02/2018 12:15:55 PM SIDDHESH-PC COMFLEX\1150 iisexpress 10  NVAPI.Nlogger.DebugLogger(e:\TFS\NaamVidya\NV\NaamVidya\Nlogger.cs:24) DEBUG - 55.00
19/02/2018 12:15:55 PM SIDDHESH-PC COMFLEX\1150 iisexpress 10  NVAPI.Nlogger.DebugLogger(e:\TFS\NaamVidya\NV\NaamVidya\Nlogger.cs:24) DEBUG - 145.00
19/02/2018 12:15:55 PM SIDDHESH-PC COMFLEX\1150 iisexpress 10  NVAPI.Nlogger.DebugLogger(e:\TFS\NaamVidya\NV\NaamVidya\Nlogger.cs:24) DEBUG - 115.00
19/02/2018 12:15:55 PM SIDDHESH-PC COMFLEX\1150 iisexpress 10  NVAPI.Nlogger.DebugLogger(e:\TFS\NaamVidya\NV\NaamVidya\Nlogger.cs:24) DEBUG - 30.00
19/02/2018 12:15:55 PM SIDDHESH-PC COMFLEX\1150 iisexpress 10  NVAPI.Nlogger.DebugLogger(e:\TFS\NaamVidya\NV\NaamVidya\Nlogger.cs:24) DEBUG - New Name Platinum
19/02/2018 12:15:55 PM SIDDHESH-PC COMFLEX\1150 iisexpress 10  NVAPI.Nlogger.DebugLogger(e:\TFS\NaamVidya\NV\NaamVidya\Nlogger.cs:24) DEBUG - USD
19/02/2018 12:15:55 PM SIDDHESH-PC COMFLEX\1150 iisexpress 10  NVAPI.Nlogger.DebugLogger(e:\TFS\NaamVidya\NV\NaamVidya\Nlogger.cs:24) DEBUG - 90.00
19/02/2018 12:15:55 PM SIDDHESH-PC COMFLEX\1150 iisexpress 10  NVAPI.Nlogger.DebugLogger(e:\TFS\NaamVidya\NV\NaamVidya\Nlogger.cs:24) DEBUG - 145.00
19/02/2018 12:15:55 PM SIDDHESH-PC COMFLEX\1150 iisexpress 10  NVAPI.Nlogger.DebugLogger(e:\TFS\NaamVidya\NV\NaamVidya\Nlogger.cs:24) DEBUG - 115.00
19/02/2018 12:15:55 PM SIDDHESH-PC COMFLEX\1150 iisexpress 10  NVAPI.Nlogger.DebugLogger(e:\TFS\NaamVidya\NV\NaamVidya\Nlogger.cs:24) DEBUG - 30.00
19/02/2018 12:15:55 PM SIDDHESH-PC COMFLEX\1150 iisexpress 10  NVAPI.Nlogger.DebugLogger(e:\TFS\NaamVidya\NV\NaamVidya\Nlogger.cs:24) DEBUG - step-2
19/02/2018 12:15:55 PM SIDDHESH-PC COMFLEX\1150 iisexpress 10  NVAPI.Nlogger.DebugLogger(e:\TFS\NaamVidya\NV\NaamVidya\Nlogger.cs:24) DEBUG - details
19/02/2018 12:15:55 PM SIDDHESH-PC COMFLEX\1150 iisexpress 10  NVAPI.Nlogger.DebugLogger(e:\TFS\NaamVidya\NV\NaamVidya\Nlogger.cs:24) DEBUG - 30.00
19/02/2018 12:15:55 PM SIDDHESH-PC COMFLEX\1150 iisexpress 10  NVAPI.Nlogger.DebugLogger(e:\TFS\NaamVidya\NV\NaamVidya\Nlogger.cs:24) DEBUG - 90.00
19/02/2018 12:15:55 PM SIDDHESH-PC COMFLEX\1150 iisexpress 10  NVAPI.Nlogger.DebugLogger(e:\TFS\NaamVidya\NV\NaamVidya\Nlogger.cs:24) DEBUG - step-3
19/02/2018 12:15:55 PM SIDDHESH-PC COMFLEX\1150 iisexpress 10  NVAPI.Nlogger.DebugLogger(e:\TFS\NaamVidya\NV\NaamVidya\Nlogger.cs:24) DEBUG - amount
19/02/2018 12:15:55 PM SIDDHESH-PC COMFLEX\1150 iisexpress 10  NVAPI.Nlogger.DebugLogger(e:\TFS\NaamVidya\NV\NaamVidya\Nlogger.cs:24) DEBUG - USD
19/02/2018 12:15:55 PM SIDDHESH-PC COMFLEX\1150 iisexpress 10  NVAPI.Nlogger.DebugLogger(e:\TFS\NaamVidya\NV\NaamVidya\Nlogger.cs:24) DEBUG - 115.00
19/02/2018 12:15:55 PM SIDDHESH-PC COMFLEX\1150 iisexpress 10  NVAPI.Nlogger.DebugLogger(e:\TFS\NaamVidya\NV\NaamVidya\Nlogger.cs:24) DEBUG - T201802191215531167
19/02/2018 12:15:55 PM SIDDHESH-PC COMFLEX\1150 iisexpress 10  NVAPI.Nlogger.DebugLogger(e:\TFS\NaamVidya\NV\NaamVidya\Nlogger.cs:24) DEBUG - Siddhesh|siddheshpawar145@gmail.com|sdasf|AFRICA|NA|sdafsdf|dsf|0
19/02/2018 12:15:56 PM SIDDHESH-PC COMFLEX\1150 iisexpress 10  NVAPI.Nlogger.nLogger(e:\TFS\NaamVidya\NV\NaamVidya\Nlogger.cs:14) ERROR - PayPal.PaymentsException: The remote server returned an error: (400) Bad Request.
   at PayPal.Api.PayPalResource.ConfigureAndExecute[T](APIContext apiContext, HttpMethod httpMethod, String resource, String payload, String endpoint, Boolean setAuthorizationHeader)
   at PayPal.Api.Payment.Create(APIContext apiContext, Payment payment)
   at PayPal.Api.Payment.Create(APIContext apiContext)
   at NaamVidya.Controllers.RoutesController.RequestToPaypal(DataTable CartDetails, String custom, String sTxnId) in e:\TFS\NaamVidya\NV\NaamVidya\Controllers\RoutesController.cs:line 1655
19/02/2018 12:15:56 PM SIDDHESH-PC COMFLEX\1150 iisexpress 10  NVAPI.Nlogger.nLoggerMsg(e:\TFS\NaamVidya\NV\NaamVidya\Nlogger.cs:19) ERROR - The remote server returned an error: (400) Bad Request.
19/02/2018 12:18:08 PM SIDDHESH-PC COMFLEX\1150 iisexpress 9   NVAPI.Nlogger.DebugLogger(e:\TFS\NaamVidya\NV\NaamVidya\Nlogger.cs:24) DEBUG - step-1
19/02/2018 12:18:08 PM SIDDHESH-PC COMFLEX\1150 iisexpress 9   NVAPI.Nlogger.DebugLogger(e:\TFS\NaamVidya\NV\NaamVidya\Nlogger.cs:24) DEBUG - Dr
19/02/2018 12:18:08 PM SIDDHESH-PC COMFLEX\1150 iisexpress 9   NVAPI.Nlogger.DebugLogger(e:\TFS\NaamVidya\NV\NaamVidya\Nlogger.cs:24) DEBUG - Platinum Baby Name
19/02/2018 12:18:08 PM SIDDHESH-PC COMFLEX\1150 iisexpress 9   NVAPI.Nlogger.DebugLogger(e:\TFS\NaamVidya\NV\NaamVidya\Nlogger.cs:24) DEBUG - USD
19/02/2018 12:18:08 PM SIDDHESH-PC COMFLEX\1150 iisexpress 9   NVAPI.Nlogger.DebugLogger(e:\TFS\NaamVidya\NV\NaamVidya\Nlogger.cs:24) DEBUG - 55.00
19/02/2018 12:18:08 PM SIDDHESH-PC COMFLEX\1150 iisexpress 9   NVAPI.Nlogger.DebugLogger(e:\TFS\NaamVidya\NV\NaamVidya\Nlogger.cs:24) DEBUG - 145.00
19/02/2018 12:18:08 PM SIDDHESH-PC COMFLEX\1150 iisexpress 9   NVAPI.Nlogger.DebugLogger(e:\TFS\NaamVidya\NV\NaamVidya\Nlogger.cs:24) DEBUG - 115.00
19/02/2018 12:18:08 PM SIDDHESH-PC COMFLEX\1150 iisexpress 9   NVAPI.Nlogger.DebugLogger(e:\TFS\NaamVidya\NV\NaamVidya\Nlogger.cs:24) DEBUG - 30.00
19/02/2018 12:18:08 PM SIDDHESH-PC COMFLEX\1150 iisexpress 9   NVAPI.Nlogger.DebugLogger(e:\TFS\NaamVidya\NV\NaamVidya\Nlogger.cs:24) DEBUG - New Name Platinum
19/02/2018 12:18:08 PM SIDDHESH-PC COMFLEX\1150 iisexpress 9   NVAPI.Nlogger.DebugLogger(e:\TFS\NaamVidya\NV\NaamVidya\Nlogger.cs:24) DEBUG - USD
19/02/2018 12:18:08 PM SIDDHESH-PC COMFLEX\1150 iisexpress 9   NVAPI.Nlogger.DebugLogger(e:\TFS\NaamVidya\NV\NaamVidya\Nlogger.cs:24) DEBUG - 90.00
19/02/2018 12:18:08 PM SIDDHESH-PC COMFLEX\1150 iisexpress 9   NVAPI.Nlogger.DebugLogger(e:\TFS\NaamVidya\NV\NaamVidya\Nlogger.cs:24) DEBUG - 145.00
19/02/2018 12:18:08 PM SIDDHESH-PC COMFLEX\1150 iisexpress 9   NVAPI.Nlogger.DebugLogger(e:\TFS\NaamVidya\NV\NaamVidya\Nlogger.cs:24) DEBUG - 115.00
19/02/2018 12:18:08 PM SIDDHESH-PC COMFLEX\1150 iisexpress 9   NVAPI.Nlogger.DebugLogger(e:\TFS\NaamVidya\NV\NaamVidya\Nlogger.cs:24) DEBUG - 30.00
19/02/2018 12:18:08 PM SIDDHESH-PC COMFLEX\1150 iisexpress 9   NVAPI.Nlogger.DebugLogger(e:\TFS\NaamVidya\NV\NaamVidya\Nlogger.cs:24) DEBUG - step-2
19/02/2018 12:18:08 PM SIDDHESH-PC COMFLEX\1150 iisexpress 9   NVAPI.Nlogger.DebugLogger(e:\TFS\NaamVidya\NV\NaamVidya\Nlogger.cs:24) DEBUG - details
19/02/2018 12:18:08 PM SIDDHESH-PC COMFLEX\1150 iisexpress 9   NVAPI.Nlogger.DebugLogger(e:\TFS\NaamVidya\NV\NaamVidya\Nlogger.cs:24) DEBUG - 30.00
19/02/2018 12:18:08 PM SIDDHESH-PC COMFLEX\1150 iisexpress 9   NVAPI.Nlogger.DebugLogger(e:\TFS\NaamVidya\NV\NaamVidya\Nlogger.cs:24) DEBUG - 90.00
19/02/2018 12:18:08 PM SIDDHESH-PC COMFLEX\1150 iisexpress 9   NVAPI.Nlogger.DebugLogger(e:\TFS\NaamVidya\NV\NaamVidya\Nlogger.cs:24) DEBUG - step-3
19/02/2018 12:18:08 PM SIDDHESH-PC COMFLEX\1150 iisexpress 9   NVAPI.Nlogger.DebugLogger(e:\TFS\NaamVidya\NV\NaamVidya\Nlogger.cs:24) DEBUG - amount
19/02/2018 12:18:08 PM SIDDHESH-PC COMFLEX\1150 iisexpress 9   NVAPI.Nlogger.DebugLogger(e:\TFS\NaamVidya\NV\NaamVidya\Nlogger.cs:24) DEBUG - USD
19/02/2018 12:18:08 PM SIDDHESH-PC COMFLEX\1150 iisexpress 9   NVAPI.Nlogger.DebugLogger(e:\TFS\NaamVidya\NV\NaamVidya\Nlogger.cs:24) DEBUG - 115.00
19/02/2018 12:18:08 PM SIDDHESH-PC COMFLEX\1150 iisexpress 9   NVAPI.Nlogger.DebugLogger(e:\TFS\NaamVidya\NV\NaamVidya\Nlogger.cs:24) DEBUG - T201802191218065847
19/02/2018 12:18:08 PM SIDDHESH-PC COMFLEX\1150 iisexpress 9   NVAPI.Nlogger.DebugLogger(e:\TFS\NaamVidya\NV\NaamVidya\Nlogger.cs:24) DEBUG - Siddhesh|siddheshpawar145@gmail.com|Penkj|GEORGIA|NA|||0
19/02/2018 12:18:10 PM SIDDHESH-PC COMFLEX\1150 iisexpress 9   NVAPI.Nlogger.nLogger(e:\TFS\NaamVidya\NV\NaamVidya\Nlogger.cs:14) ERROR - PayPal.PaymentsException: The remote server returned an error: (400) Bad Request.
   at PayPal.Api.PayPalResource.ConfigureAndExecute[T](APIContext apiContext, HttpMethod httpMethod, String resource, String payload, String endpoint, Boolean setAuthorizationHeader)
   at PayPal.Api.Payment.Create(APIContext apiContext, Payment payment)
   at PayPal.Api.Payment.Create(APIContext apiContext)
   at NaamVidya.Controllers.RoutesController.RequestToPaypal(DataTable CartDetails, String custom, String sTxnId) in e:\TFS\NaamVidya\NV\NaamVidya\Controllers\RoutesController.cs:line 1655
19/02/2018 12:18:10 PM SIDDHESH-PC COMFLEX\1150 iisexpress 9   NVAPI.Nlogger.nLoggerMsg(e:\TFS\NaamVidya\NV\NaamVidya\Nlogger.cs:19) ERROR - The remote server returned an error: (400) Bad Request.
19/02/2018 12:43:51 PM SIDDHESH-PC COMFLEX\1150 iisexpress 22  NVAPI.Nlogger.DebugLogger(e:\TFS\NaamVidya\NV\NaamVidya\Nlogger.cs:24) DEBUG - step-1
19/02/2018 12:43:51 PM SIDDHESH-PC COMFLEX\1150 iisexpress 22  NVAPI.Nlogger.DebugLogger(e:\TFS\NaamVidya\NV\NaamVidya\Nlogger.cs:24) DEBUG - Dr
19/02/2018 12:44:16 PM SIDDHESH-PC COMFLEX\1150 iisexpress 22  NVAPI.Nlogger.DebugLogger(e:\TFS\NaamVidya\NV\NaamVidya\Nlogger.cs:24) DEBUG - Platinum Baby Name
19/02/2018 12:44:16 PM SIDDHESH-PC COMFLEX\1150 iisexpress 22  NVAPI.Nlogger.DebugLogger(e:\TFS\NaamVidya\NV\NaamVidya\Nlogger.cs:24) DEBUG - USD
19/02/2018 12:44:16 PM SIDDHESH-PC COMFLEX\1150 iisexpress 22  NVAPI.Nlogger.DebugLogger(e:\TFS\NaamVidya\NV\NaamVidya\Nlogger.cs:24) DEBUG - 55.00
19/02/2018 12:44:16 PM SIDDHESH-PC COMFLEX\1150 iisexpress 22  NVAPI.Nlogger.DebugLogger(e:\TFS\NaamVidya\NV\NaamVidya\Nlogger.cs:24) DEBUG - 145.00
19/02/2018 12:44:16 PM SIDDHESH-PC COMFLEX\1150 iisexpress 22  NVAPI.Nlogger.DebugLogger(e:\TFS\NaamVidya\NV\NaamVidya\Nlogger.cs:24) DEBUG - 115.00
19/02/2018 12:44:16 PM SIDDHESH-PC COMFLEX\1150 iisexpress 22  NVAPI.Nlogger.DebugLogger(e:\TFS\NaamVidya\NV\NaamVidya\Nlogger.cs:24) DEBUG - 30.00
19/02/2018 12:44:16 PM SIDDHESH-PC COMFLEX\1150 iisexpress 22  NVAPI.Nlogger.DebugLogger(e:\TFS\NaamVidya\NV\NaamVidya\Nlogger.cs:24) DEBUG - New Name Platinum
19/02/2018 12:44:16 PM SIDDHESH-PC COMFLEX\1150 iisexpress 22  NVAPI.Nlogger.DebugLogger(e:\TFS\NaamVidya\NV\NaamVidya\Nlogger.cs:24) DEBUG - USD
19/02/2018 12:44:16 PM SIDDHESH-PC COMFLEX\1150 iisexpress 22  NVAPI.Nlogger.DebugLogger(e:\TFS\NaamVidya\NV\NaamVidya\Nlogger.cs:24) DEBUG - 90.00
19/02/2018 12:44:16 PM SIDDHESH-PC COMFLEX\1150 iisexpress 22  NVAPI.Nlogger.DebugLogger(e:\TFS\NaamVidya\NV\NaamVidya\Nlogger.cs:24) DEBUG - 145.00
19/02/2018 12:44:16 PM SIDDHESH-PC COMFLEX\1150 iisexpress 22  NVAPI.Nlogger.DebugLogger(e:\TFS\NaamVidya\NV\NaamVidya\Nlogger.cs:24) DEBUG - 115.00
19/02/2018 12:44:16 PM SIDDHESH-PC COMFLEX\1150 iisexpress 22  NVAPI.Nlogger.DebugLogger(e:\TFS\NaamVidya\NV\NaamVidya\Nlogger.cs:24) DEBUG - 30.00
19/02/2018 12:44:38 PM SIDDHESH-PC COMFLEX\1150 iisexpress 22  NVAPI.Nlogger.DebugLogger(e:\TFS\NaamVidya\NV\NaamVidya\Nlogger.cs:24) DEBUG - step-1
19/02/2018 12:44:39 PM SIDDHESH-PC COMFLEX\1150 iisexpress 22  NVAPI.Nlogger.DebugLogger(e:\TFS\NaamVidya\NV\NaamVidya\Nlogger.cs:24) DEBUG - Dr
19/02/2018 12:45:15 PM SIDDHESH-PC COMFLEX\1150 iisexpress 22  NVAPI.Nlogger.DebugLogger(e:\TFS\NaamVidya\NV\NaamVidya\Nlogger.cs:24) DEBUG - Platinum Baby Name
19/02/2018 12:45:16 PM SIDDHESH-PC COMFLEX\1150 iisexpress 22  NVAPI.Nlogger.DebugLogger(e:\TFS\NaamVidya\NV\NaamVidya\Nlogger.cs:24) DEBUG - USD
19/02/2018 12:45:16 PM SIDDHESH-PC COMFLEX\1150 iisexpress 22  NVAPI.Nlogger.DebugLogger(e:\TFS\NaamVidya\NV\NaamVidya\Nlogger.cs:24) DEBUG - 55.00
19/02/2018 12:45:16 PM SIDDHESH-PC COMFLEX\1150 iisexpress 22  NVAPI.Nlogger.DebugLogger(e:\TFS\NaamVidya\NV\NaamVidya\Nlogger.cs:24) DEBUG - 145.00
19/02/2018 12:45:17 PM SIDDHESH-PC COMFLEX\1150 iisexpress 22  NVAPI.Nlogger.DebugLogger(e:\TFS\NaamVidya\NV\NaamVidya\Nlogger.cs:24) DEBUG - 115.00
19/02/2018 12:45:17 PM SIDDHESH-PC COMFLEX\1150 iisexpress 22  NVAPI.Nlogger.DebugLogger(e:\TFS\NaamVidya\NV\NaamVidya\Nlogger.cs:24) DEBUG - 30.00
19/02/2018 12:51:33 PM SIDDHESH-PC COMFLEX\1150 iisexpress 8   NVAPI.Nlogger.DebugLogger(e:\TFS\NaamVidya\NV\NaamVidya\Nlogger.cs:24) DEBUG - step-1
19/02/2018 12:51:33 PM SIDDHESH-PC COMFLEX\1150 iisexpress 8   NVAPI.Nlogger.DebugLogger(e:\TFS\NaamVidya\NV\NaamVidya\Nlogger.cs:24) DEBUG - Dr
19/02/2018 12:51:42 PM SIDDHESH-PC COMFLEX\1150 iisexpress 8   NVAPI.Nlogger.DebugLogger(e:\TFS\NaamVidya\NV\NaamVidya\Nlogger.cs:24) DEBUG - Platinum Baby Name
19/02/2018 12:51:42 PM SIDDHESH-PC COMFLEX\1150 iisexpress 8   NVAPI.Nlogger.DebugLogger(e:\TFS\NaamVidya\NV\NaamVidya\Nlogger.cs:24) DEBUG - USD
19/02/2018 12:51:42 PM SIDDHESH-PC COMFLEX\1150 iisexpress 8   NVAPI.Nlogger.DebugLogger(e:\TFS\NaamVidya\NV\NaamVidya\Nlogger.cs:24) DEBUG - 55.00
19/02/2018 12:51:43 PM SIDDHESH-PC COMFLEX\1150 iisexpress 8   NVAPI.Nlogger.DebugLogger(e:\TFS\NaamVidya\NV\NaamVidya\Nlogger.cs:24) DEBUG - 145.00
19/02/2018 12:51:43 PM SIDDHESH-PC COMFLEX\1150 iisexpress 8   NVAPI.Nlogger.DebugLogger(e:\TFS\NaamVidya\NV\NaamVidya\Nlogger.cs:24) DEBUG - 115.00
19/02/2018 12:51:43 PM SIDDHESH-PC COMFLEX\1150 iisexpress 8   NVAPI.Nlogger.DebugLogger(e:\TFS\NaamVidya\NV\NaamVidya\Nlogger.cs:24) DEBUG - 30.00
19/02/2018 12:52:00 PM SIDDHESH-PC COMFLEX\1150 iisexpress 8   NVAPI.Nlogger.DebugLogger(e:\TFS\NaamVidya\NV\NaamVidya\Nlogger.cs:24) DEBUG - New Name Platinum
19/02/2018 12:52:01 PM SIDDHESH-PC COMFLEX\1150 iisexpress 8   NVAPI.Nlogger.DebugLogger(e:\TFS\NaamVidya\NV\NaamVidya\Nlogger.cs:24) DEBUG - USD
19/02/2018 12:52:01 PM SIDDHESH-PC COMFLEX\1150 iisexpress 8   NVAPI.Nlogger.DebugLogger(e:\TFS\NaamVidya\NV\NaamVidya\Nlogger.cs:24) DEBUG - 90.00
19/02/2018 12:52:01 PM SIDDHESH-PC COMFLEX\1150 iisexpress 8   NVAPI.Nlogger.DebugLogger(e:\TFS\NaamVidya\NV\NaamVidya\Nlogger.cs:24) DEBUG - 145.00
19/02/2018 12:52:01 PM SIDDHESH-PC COMFLEX\1150 iisexpress 8   NVAPI.Nlogger.DebugLogger(e:\TFS\NaamVidya\NV\NaamVidya\Nlogger.cs:24) DEBUG - 115.00
19/02/2018 12:52:02 PM SIDDHESH-PC COMFLEX\1150 iisexpress 8   NVAPI.Nlogger.DebugLogger(e:\TFS\NaamVidya\NV\NaamVidya\Nlogger.cs:24) DEBUG - 30.00
19/02/2018 12:55:20 PM SIDDHESH-PC COMFLEX\1150 iisexpress 7   NVAPI.Nlogger.DebugLogger(e:\TFS\NaamVidya\NV\NaamVidya\Nlogger.cs:24) DEBUG - step-1
19/02/2018 12:55:20 PM SIDDHESH-PC COMFLEX\1150 iisexpress 7   NVAPI.Nlogger.DebugLogger(e:\TFS\NaamVidya\NV\NaamVidya\Nlogger.cs:24) DEBUG - Dr
19/02/2018 12:55:27 PM SIDDHESH-PC COMFLEX\1150 iisexpress 7   NVAPI.Nlogger.DebugLogger(e:\TFS\NaamVidya\NV\NaamVidya\Nlogger.cs:24) DEBUG - Platinum Baby Name
19/02/2018 12:55:28 PM SIDDHESH-PC COMFLEX\1150 iisexpress 7   NVAPI.Nlogger.DebugLogger(e:\TFS\NaamVidya\NV\NaamVidya\Nlogger.cs:24) DEBUG - USD
19/02/2018 12:55:28 PM SIDDHESH-PC COMFLEX\1150 iisexpress 7   NVAPI.Nlogger.DebugLogger(e:\TFS\NaamVidya\NV\NaamVidya\Nlogger.cs:24) DEBUG - 55.00
19/02/2018 12:55:28 PM SIDDHESH-PC COMFLEX\1150 iisexpress 7   NVAPI.Nlogger.DebugLogger(e:\TFS\NaamVidya\NV\NaamVidya\Nlogger.cs:24) DEBUG - 145.00
19/02/2018 12:55:29 PM SIDDHESH-PC COMFLEX\1150 iisexpress 7   NVAPI.Nlogger.DebugLogger(e:\TFS\NaamVidya\NV\NaamVidya\Nlogger.cs:24) DEBUG - 115.00
19/02/2018 12:55:29 PM SIDDHESH-PC COMFLEX\1150 iisexpress 7   NVAPI.Nlogger.DebugLogger(e:\TFS\NaamVidya\NV\NaamVidya\Nlogger.cs:24) DEBUG - 30.00
19/02/2018 12:56:08 PM SIDDHESH-PC COMFLEX\1150 iisexpress 7   NVAPI.Nlogger.DebugLogger(e:\TFS\NaamVidya\NV\NaamVidya\Nlogger.cs:24) DEBUG - New Name Platinum
19/02/2018 12:56:08 PM SIDDHESH-PC COMFLEX\1150 iisexpress 7   NVAPI.Nlogger.DebugLogger(e:\TFS\NaamVidya\NV\NaamVidya\Nlogger.cs:24) DEBUG - USD
19/02/2018 12:56:09 PM SIDDHESH-PC COMFLEX\1150 iisexpress 7   NVAPI.Nlogger.DebugLogger(e:\TFS\NaamVidya\NV\NaamVidya\Nlogger.cs:24) DEBUG - 90.00
19/02/2018 12:56:09 PM SIDDHESH-PC COMFLEX\1150 iisexpress 7   NVAPI.Nlogger.DebugLogger(e:\TFS\NaamVidya\NV\NaamVidya\Nlogger.cs:24) DEBUG - 145.00
19/02/2018 12:56:09 PM SIDDHESH-PC COMFLEX\1150 iisexpress 7   NVAPI.Nlogger.DebugLogger(e:\TFS\NaamVidya\NV\NaamVidya\Nlogger.cs:24) DEBUG - 115.00
19/02/2018 12:56:10 PM SIDDHESH-PC COMFLEX\1150 iisexpress 7   NVAPI.Nlogger.DebugLogger(e:\TFS\NaamVidya\NV\NaamVidya\Nlogger.cs:24) DEBUG - 30.00
19/02/2018 01:00:33 PM SIDDHESH-PC COMFLEX\1150 iisexpress 7   NVAPI.Nlogger.DebugLogger(e:\TFS\NaamVidya\NV\NaamVidya\Nlogger.cs:24) DEBUG - step-1
19/02/2018 01:00:33 PM SIDDHESH-PC COMFLEX\1150 iisexpress 7   NVAPI.Nlogger.DebugLogger(e:\TFS\NaamVidya\NV\NaamVidya\Nlogger.cs:24) DEBUG - Dr
19/02/2018 01:00:33 PM SIDDHESH-PC COMFLEX\1150 iisexpress 7   NVAPI.Nlogger.DebugLogger(e:\TFS\NaamVidya\NV\NaamVidya\Nlogger.cs:24) DEBUG - Platinum Baby Name
19/02/2018 01:00:33 PM SIDDHESH-PC COMFLEX\1150 iisexpress 7   NVAPI.Nlogger.DebugLogger(e:\TFS\NaamVidya\NV\NaamVidya\Nlogger.cs:24) DEBUG - USD
19/02/2018 01:00:33 PM SIDDHESH-PC COMFLEX\1150 iisexpress 7   NVAPI.Nlogger.DebugLogger(e:\TFS\NaamVidya\NV\NaamVidya\Nlogger.cs:24) DEBUG - 55.00
19/02/2018 01:00:33 PM SIDDHESH-PC COMFLEX\1150 iisexpress 7   NVAPI.Nlogger.DebugLogger(e:\TFS\NaamVidya\NV\NaamVidya\Nlogger.cs:24) DEBUG - 145.00
19/02/2018 01:00:33 PM SIDDHESH-PC COMFLEX\1150 iisexpress 7   NVAPI.Nlogger.DebugLogger(e:\TFS\NaamVidya\NV\NaamVidya\Nlogger.cs:24) DEBUG - 115.00
19/02/2018 01:00:33 PM SIDDHESH-PC COMFLEX\1150 iisexpress 7   NVAPI.Nlogger.DebugLogger(e:\TFS\NaamVidya\NV\NaamVidya\Nlogger.cs:24) DEBUG - 30.00
19/02/2018 01:00:33 PM SIDDHESH-PC COMFLEX\1150 iisexpress 7   NVAPI.Nlogger.nLogger(e:\TFS\NaamVidya\NV\NaamVidya\Nlogger.cs:14) ERROR - System.NullReferenceException: Object reference not set to an instance of an object.
   at NaamVidya.Controllers.RoutesController.RequestToPaypal(DataTable CartDetails, String custom, String sTxnId) in e:\TFS\NaamVidya\NV\NaamVidya\Controllers\RoutesController.cs:line 1551
19/02/2018 01:00:33 PM SIDDHESH-PC COMFLEX\1150 iisexpress 7   NVAPI.Nlogger.nLoggerMsg(e:\TFS\NaamVidya\NV\NaamVidya\Nlogger.cs:19) ERROR - Object reference not set to an instance of an object.
19/02/2018 01:00:54 PM SIDDHESH-PC COMFLEX\1150 iisexpress 9   NVAPI.Nlogger.DebugLogger(e:\TFS\NaamVidya\NV\NaamVidya\Nlogger.cs:24) DEBUG - step-1
19/02/2018 01:00:54 PM SIDDHESH-PC COMFLEX\1150 iisexpress 9   NVAPI.Nlogger.DebugLogger(e:\TFS\NaamVidya\NV\NaamVidya\Nlogger.cs:24) DEBUG - Dr
19/02/2018 01:01:02 PM SIDDHESH-PC COMFLEX\1150 iisexpress 9   NVAPI.Nlogger.DebugLogger(e:\TFS\NaamVidya\NV\NaamVidya\Nlogger.cs:24) DEBUG - Platinum Baby Name
19/02/2018 01:01:02 PM SIDDHESH-PC COMFLEX\1150 iisexpress 9   NVAPI.Nlogger.DebugLogger(e:\TFS\NaamVidya\NV\NaamVidya\Nlogger.cs:24) DEBUG - USD
19/02/2018 01:01:02 PM SIDDHESH-PC COMFLEX\1150 iisexpress 9   NVAPI.Nlogger.DebugLogger(e:\TFS\NaamVidya\NV\NaamVidya\Nlogger.cs:24) DEBUG - 55.00
19/02/2018 01:01:02 PM SIDDHESH-PC COMFLEX\1150 iisexpress 9   NVAPI.Nlogger.DebugLogger(e:\TFS\NaamVidya\NV\NaamVidya\Nlogger.cs:24) DEBUG - 145.00
19/02/2018 01:01:02 PM SIDDHESH-PC COMFLEX\1150 iisexpress 9   NVAPI.Nlogger.DebugLogger(e:\TFS\NaamVidya\NV\NaamVidya\Nlogger.cs:24) DEBUG - 115.00
19/02/2018 01:01:02 PM SIDDHESH-PC COMFLEX\1150 iisexpress 9   NVAPI.Nlogger.DebugLogger(e:\TFS\NaamVidya\NV\NaamVidya\Nlogger.cs:24) DEBUG - 30.00
19/02/2018 01:01:10 PM SIDDHESH-PC COMFLEX\1150 iisexpress 9   NVAPI.Nlogger.nLogger(e:\TFS\NaamVidya\NV\NaamVidya\Nlogger.cs:14) ERROR - System.NullReferenceException: Object reference not set to an instance of an object.
   at NaamVidya.Controllers.RoutesController.RequestToPaypal(DataTable CartDetails, String custom, String sTxnId) in e:\TFS\NaamVidya\NV\NaamVidya\Controllers\RoutesController.cs:line 1551
19/02/2018 01:01:10 PM SIDDHESH-PC COMFLEX\1150 iisexpress 9   NVAPI.Nlogger.nLoggerMsg(e:\TFS\NaamVidya\NV\NaamVidya\Nlogger.cs:19) ERROR - Object reference not set to an instance of an object.
19/02/2018 01:03:03 PM SIDDHESH-PC COMFLEX\1150 iisexpress 8   NVAPI.Nlogger.DebugLogger(e:\TFS\NaamVidya\NV\NaamVidya\Nlogger.cs:24) DEBUG - step-1
19/02/2018 01:03:04 PM SIDDHESH-PC COMFLEX\1150 iisexpress 8   NVAPI.Nlogger.DebugLogger(e:\TFS\NaamVidya\NV\NaamVidya\Nlogger.cs:24) DEBUG - Dr
19/02/2018 01:03:07 PM SIDDHESH-PC COMFLEX\1150 iisexpress 8   NVAPI.Nlogger.DebugLogger(e:\TFS\NaamVidya\NV\NaamVidya\Nlogger.cs:24) DEBUG - Platinum Baby Name
19/02/2018 01:03:07 PM SIDDHESH-PC COMFLEX\1150 iisexpress 8   NVAPI.Nlogger.DebugLogger(e:\TFS\NaamVidya\NV\NaamVidya\Nlogger.cs:24) DEBUG - USD
19/02/2018 01:03:07 PM SIDDHESH-PC COMFLEX\1150 iisexpress 8   NVAPI.Nlogger.DebugLogger(e:\TFS\NaamVidya\NV\NaamVidya\Nlogger.cs:24) DEBUG - 55.00
19/02/2018 01:03:07 PM SIDDHESH-PC COMFLEX\1150 iisexpress 8   NVAPI.Nlogger.DebugLogger(e:\TFS\NaamVidya\NV\NaamVidya\Nlogger.cs:24) DEBUG - 145.00
19/02/2018 01:03:07 PM SIDDHESH-PC COMFLEX\1150 iisexpress 8   NVAPI.Nlogger.DebugLogger(e:\TFS\NaamVidya\NV\NaamVidya\Nlogger.cs:24) DEBUG - 115.00
19/02/2018 01:03:08 PM SIDDHESH-PC COMFLEX\1150 iisexpress 8   NVAPI.Nlogger.DebugLogger(e:\TFS\NaamVidya\NV\NaamVidya\Nlogger.cs:24) DEBUG - 30.00
19/02/2018 01:03:22 PM SIDDHESH-PC COMFLEX\1150 iisexpress 8   NVAPI.Nlogger.DebugLogger(e:\TFS\NaamVidya\NV\NaamVidya\Nlogger.cs:24) DEBUG - New Name Platinum
19/02/2018 01:03:22 PM SIDDHESH-PC COMFLEX\1150 iisexpress 8   NVAPI.Nlogger.DebugLogger(e:\TFS\NaamVidya\NV\NaamVidya\Nlogger.cs:24) DEBUG - USD
19/02/2018 01:03:22 PM SIDDHESH-PC COMFLEX\1150 iisexpress 8   NVAPI.Nlogger.DebugLogger(e:\TFS\NaamVidya\NV\NaamVidya\Nlogger.cs:24) DEBUG - 90.00
19/02/2018 01:03:22 PM SIDDHESH-PC COMFLEX\1150 iisexpress 8   NVAPI.Nlogger.DebugLogger(e:\TFS\NaamVidya\NV\NaamVidya\Nlogger.cs:24) DEBUG - 145.00
19/02/2018 01:03:23 PM SIDDHESH-PC COMFLEX\1150 iisexpress 8   NVAPI.Nlogger.DebugLogger(e:\TFS\NaamVidya\NV\NaamVidya\Nlogger.cs:24) DEBUG - 115.00
19/02/2018 01:03:23 PM SIDDHESH-PC COMFLEX\1150 iisexpress 8   NVAPI.Nlogger.DebugLogger(e:\TFS\NaamVidya\NV\NaamVidya\Nlogger.cs:24) DEBUG - 30.00
19/02/2018 01:03:42 PM SIDDHESH-PC COMFLEX\1150 iisexpress 8   NVAPI.Nlogger.DebugLogger(e:\TFS\NaamVidya\NV\NaamVidya\Nlogger.cs:24) DEBUG - step-2
19/02/2018 01:03:43 PM SIDDHESH-PC COMFLEX\1150 iisexpress 8   NVAPI.Nlogger.DebugLogger(e:\TFS\NaamVidya\NV\NaamVidya\Nlogger.cs:24) DEBUG - details
19/02/2018 01:03:45 PM SIDDHESH-PC COMFLEX\1150 iisexpress 8   NVAPI.Nlogger.DebugLogger(e:\TFS\NaamVidya\NV\NaamVidya\Nlogger.cs:24) DEBUG - 30.00
19/02/2018 01:03:45 PM SIDDHESH-PC COMFLEX\1150 iisexpress 8   NVAPI.Nlogger.DebugLogger(e:\TFS\NaamVidya\NV\NaamVidya\Nlogger.cs:24) DEBUG - 145.00
19/02/2018 01:03:45 PM SIDDHESH-PC COMFLEX\1150 iisexpress 8   NVAPI.Nlogger.DebugLogger(e:\TFS\NaamVidya\NV\NaamVidya\Nlogger.cs:24) DEBUG - step-3
19/02/2018 01:03:45 PM SIDDHESH-PC COMFLEX\1150 iisexpress 8   NVAPI.Nlogger.DebugLogger(e:\TFS\NaamVidya\NV\NaamVidya\Nlogger.cs:24) DEBUG - amount
19/02/2018 01:03:45 PM SIDDHESH-PC COMFLEX\1150 iisexpress 8   NVAPI.Nlogger.DebugLogger(e:\TFS\NaamVidya\NV\NaamVidya\Nlogger.cs:24) DEBUG - USD
19/02/2018 01:03:45 PM SIDDHESH-PC COMFLEX\1150 iisexpress 8   NVAPI.Nlogger.DebugLogger(e:\TFS\NaamVidya\NV\NaamVidya\Nlogger.cs:24) DEBUG - 115.00
19/02/2018 01:03:45 PM SIDDHESH-PC COMFLEX\1150 iisexpress 8   NVAPI.Nlogger.DebugLogger(e:\TFS\NaamVidya\NV\NaamVidya\Nlogger.cs:24) DEBUG - T201802190102562770
19/02/2018 01:03:45 PM SIDDHESH-PC COMFLEX\1150 iisexpress 8   NVAPI.Nlogger.DebugLogger(e:\TFS\NaamVidya\NV\NaamVidya\Nlogger.cs:24) DEBUG - Siddhesh|siddheshpawar145@gmail.com|Pen|GERMANY|NA|||0
19/02/2018 01:03:49 PM SIDDHESH-PC COMFLEX\1150 iisexpress 8   NVAPI.Nlogger.DebugLogger(e:\TFS\NaamVidya\NV\NaamVidya\Nlogger.cs:24) DEBUG - step-4
19/02/2018 01:03:49 PM SIDDHESH-PC COMFLEX\1150 iisexpress 8   NVAPI.Nlogger.DebugLogger(e:\TFS\NaamVidya\NV\NaamVidya\Nlogger.cs:24) DEBUG - https://www.sandbox.paypal.com/cgi-bin/webscr?cmd=_express-checkout&token=EC-4RX03948XE7686934
19/02/2018 01:03:49 PM SIDDHESH-PC COMFLEX\1150 iisexpress 8   NVAPI.Nlogger.DebugLogger(e:\TFS\NaamVidya\NV\NaamVidya\Nlogger.cs:24) DEBUG - step-7
