24/02/2018 10:58:11 AM SIDDHESH-PC COMFLEX\1150 iisexpress 12  NVAPI.Nlogger.DebugLogger(e:\TFS\NaamVidya\NV\NaamVidya\Nlogger.cs:24) DEBUG - SessionID :1vvnhib5s1t0iyx2ruyzt52k | FirstName : test
24/02/2018 10:58:40 AM SIDDHESH-PC COMFLEX\1150 iisexpress 7   NVAPI.Nlogger.DebugLogger(e:\TFS\NaamVidya\NV\NaamVidya\Nlogger.cs:24) DEBUG - SessionID :ygxxszgmwl52telurydmggan | FirstName : testhasti
24/02/2018 11:02:08 AM SIDDHESH-PC COMFLEX\1150 iisexpress 7   NVAPI.Nlogger.DebugLogger(e:\TFS\NaamVidya\NV\NaamVidya\Nlogger.cs:24) DEBUG - SessionID :vr3ba3dqhi4mszdettuesupf | FirstName : Siddhesh
24/02/2018 11:02:35 AM SIDDHESH-PC COMFLEX\1150 iisexpress 7   NVAPI.Nlogger.DebugLogger(e:\TFS\NaamVidya\NV\NaamVidya\Nlogger.cs:24) DEBUG - SessionID :kblmwk23pftmurdkdr33akwf | FirstName : Siddhesh
24/02/2018 11:02:56 AM SIDDHESH-PC COMFLEX\1150 iisexpress 7   NVAPI.Nlogger.DebugLogger(e:\TFS\NaamVidya\NV\NaamVidya\Nlogger.cs:24) DEBUG - SessionID :oecv1tw4dpk2aynd3wfvbvue | FirstName : Siddhesh
24/02/2018 11:03:49 AM SIDDHESH-PC COMFLEX\1150 iisexpress 8   NVAPI.Nlogger.DebugLogger(e:\TFS\NaamVidya\NV\NaamVidya\Nlogger.cs:24) DEBUG - SessionID :xcl04ttksipqmf1bpswewfcz | FirstName : Siddhesh
24/02/2018 11:04:15 AM SIDDHESH-PC COMFLEX\1150 iisexpress 8   NVAPI.Nlogger.DebugLogger(e:\TFS\NaamVidya\NV\NaamVidya\Nlogger.cs:24) DEBUG - SessionID :b3e1d0nawwfqpqychc4zpj1h | FirstName : Siddhesh
24/02/2018 11:05:41 AM SIDDHESH-PC COMFLEX\1150 iisexpress 9   NVAPI.Nlogger.DebugLogger(e:\TFS\NaamVidya\NV\NaamVidya\Nlogger.cs:24) DEBUG - SessionID :qsbe3qvcpz4vprzydxe5m3ng | FirstName : siddhesh
24/02/2018 11:08:38 AM SIDDHESH-PC COMFLEX\1150 iisexpress 7   NVAPI.Nlogger.DebugLogger(e:\TFS\NaamVidya\NV\NaamVidya\Nlogger.cs:24) DEBUG - SessionID :eeyzthhphotqycrhxex3nbw2 | FirstName : hasti
24/02/2018 11:09:14 AM SIDDHESH-PC COMFLEX\1150 iisexpress 7   NVAPI.Nlogger.DebugLogger(e:\TFS\NaamVidya\NV\NaamVidya\Nlogger.cs:24) DEBUG - SessionID :q5lo3zwfhsguzluhtjcbe4yq | FirstName : teste
24/02/2018 11:10:16 AM SIDDHESH-PC COMFLEX\1150 iisexpress 7   NVAPI.Nlogger.DebugLogger(e:\TFS\NaamVidya\NV\NaamVidya\Nlogger.cs:24) DEBUG - SessionID :04rkmbiwomgxuyn5gwrhzceo | FirstName : hasti
24/02/2018 11:10:34 AM SIDDHESH-PC COMFLEX\1150 iisexpress 7   NVAPI.Nlogger.DebugLogger(e:\TFS\NaamVidya\NV\NaamVidya\Nlogger.cs:24) DEBUG - SessionID :dvk4icf2arq0j4ilaq12cfwv | FirstName : siddhesh
24/02/2018 11:12:56 AM SIDDHESH-PC COMFLEX\1150 iisexpress 14  NVAPI.Nlogger.DebugLogger(e:\TFS\NaamVidya\NV\NaamVidya\Nlogger.cs:24) DEBUG - SessionID :5zley1jfejmkq5tcdztwkb5o | FirstName : ashwini
24/02/2018 11:13:40 AM SIDDHESH-PC COMFLEX\1150 iisexpress 14  NVAPI.Nlogger.DebugLogger(e:\TFS\NaamVidya\NV\NaamVidya\Nlogger.cs:24) DEBUG - SessionID :fisrdx5eekves5vawzm5j1vy | FirstName : Siddhesh
24/02/2018 11:15:20 AM SIDDHESH-PC COMFLEX\1150 iisexpress 14  NVAPI.Nlogger.DebugLogger(e:\TFS\NaamVidya\NV\NaamVidya\Nlogger.cs:24) DEBUG - SessionID :rjr3smkwgiqbx2bw5q4wcftl | FirstName : hasti
24/02/2018 11:15:33 AM SIDDHESH-PC COMFLEX\1150 iisexpress 11  NVAPI.Nlogger.DebugLogger(e:\TFS\NaamVidya\NV\NaamVidya\Nlogger.cs:24) DEBUG - SessionID :n1makfjysyjet55inqwauy0e | FirstName : ashwini
24/02/2018 11:45:41 AM SIDDHESH-PC COMFLEX\1150 iisexpress 8   NVAPI.Nlogger.DebugLogger(e:\TFS\NaamVidya\NV\NaamVidya\Nlogger.cs:24) DEBUG - SessionID :4mutygzyyxrsvmf3o01cebjs | FirstName : hasti
24/02/2018 11:51:45 AM SIDDHESH-PC COMFLEX\1150 iisexpress 8   NVAPI.Nlogger.DebugLogger(e:\TFS\NaamVidya\NV\NaamVidya\Nlogger.cs:24) DEBUG - SessionID :im2la0llytcw13ainmpbkywp | FirstName : test
24/02/2018 12:04:43 PM SIDDHESH-PC COMFLEX\1150 iisexpress 9   NVAPI.Nlogger.DebugLogger(e:\TFS\NaamVidya\NV\NaamVidya\Nlogger.cs:24) DEBUG - SessionID :sxu4q4adc4rz4kojimimdoen | FirstName : siddhesh
24/02/2018 12:05:18 PM SIDDHESH-PC COMFLEX\1150 iisexpress 9   NVAPI.Nlogger.DebugLogger(e:\TFS\NaamVidya\NV\NaamVidya\Nlogger.cs:24) DEBUG - SessionID :uyow4kv44w3owimy3hmt4moj | FirstName : hasti
24/02/2018 12:09:34 PM SIDDHESH-PC COMFLEX\1150 iisexpress 15  NVAPI.Nlogger.DebugLogger(e:\TFS\NaamVidya\NV\NaamVidya\Nlogger.cs:24) DEBUG - SessionID :wjscvb5ympjapoat4o3e5paz | FirstName : siddhesh
24/02/2018 12:10:33 PM SIDDHESH-PC COMFLEX\1150 iisexpress 15  NVAPI.Nlogger.DebugLogger(e:\TFS\NaamVidya\NV\NaamVidya\Nlogger.cs:24) DEBUG - SessionID :rx53ez4uh4wxp1wskg5ifnwa | FirstName : hasti
24/02/2018 12:15:11 PM SIDDHESH-PC COMFLEX\1150 iisexpress 5   NVAPI.Nlogger.DebugLogger(e:\TFS\NaamVidya\NV\NaamVidya\Nlogger.cs:24) DEBUG - SessionID :0r0tkangh3f1x3skzc4ycjpz | FirstName : hasti
24/02/2018 12:15:52 PM SIDDHESH-PC COMFLEX\1150 iisexpress 25  NVAPI.Nlogger.DebugLogger(e:\TFS\NaamVidya\NV\NaamVidya\Nlogger.cs:24) DEBUG - SessionID :egk0wazelmze1eylkhtpcipt | FirstName : hasti
24/02/2018 12:19:20 PM SIDDHESH-PC COMFLEX\1150 iisexpress 13  NVAPI.Nlogger.DebugLogger(e:\TFS\NaamVidya\NV\NaamVidya\Nlogger.cs:24) DEBUG - SessionID :ypm0dggb5nkvksrtzt4qckaz | FirstName : hasti
24/02/2018 12:20:43 PM SIDDHESH-PC COMFLEX\1150 iisexpress 26  NVAPI.Nlogger.DebugLogger(e:\TFS\NaamVidya\NV\NaamVidya\Nlogger.cs:24) DEBUG - SessionID :acw1dwwjz2qmbyvr3hq4oo3q | FirstName : hasti
24/02/2018 12:21:27 PM SIDDHESH-PC COMFLEX\1150 iisexpress 10  NVAPI.Nlogger.DebugLogger(e:\TFS\NaamVidya\NV\NaamVidya\Nlogger.cs:24) DEBUG - SessionID :2hmwom0yx0zglyyelcnnt25t | FirstName : rtettests
24/02/2018 12:28:23 PM SIDDHESH-PC COMFLEX\1150 iisexpress 7   NVAPI.Nlogger.DebugLogger(e:\TFS\NaamVidya\NV\NaamVidya\Nlogger.cs:24) DEBUG - SessionID :dgajs40gougmgtide3wud520 | FirstName : hasti
24/02/2018 12:29:25 PM SIDDHESH-PC COMFLEX\1150 iisexpress 9   NVAPI.Nlogger.DebugLogger(e:\TFS\NaamVidya\NV\NaamVidya\Nlogger.cs:24) DEBUG - SessionID :dcpeohizy0poycxfclbr3jd1 | FirstName : test
24/02/2018 12:34:10 PM SIDDHESH-PC COMFLEX\1150 iisexpress 18  NVAPI.Nlogger.DebugLogger(e:\TFS\NaamVidya\NV\NaamVidya\Nlogger.cs:24) DEBUG - SessionID :h2ihplizcdr0v22a3dwo5zq4 | FirstName : hasti
24/02/2018 12:34:55 PM SIDDHESH-PC COMFLEX\1150 iisexpress 18  NVAPI.Nlogger.DebugLogger(e:\TFS\NaamVidya\NV\NaamVidya\Nlogger.cs:24) DEBUG - SessionID :j0l1blwgnhlawun0ditke4si | FirstName : qwey
24/02/2018 12:35:37 PM SIDDHESH-PC COMFLEX\1150 iisexpress 15  NVAPI.Nlogger.DebugLogger(e:\TFS\NaamVidya\NV\NaamVidya\Nlogger.cs:24) DEBUG - SessionID :i5uzu3vz1jcjlh0csp5d50xj | FirstName : qwey
24/02/2018 12:49:09 PM SIDDHESH-PC COMFLEX\1150 iisexpress 8   NVAPI.Nlogger.DebugLogger(e:\TFS\NaamVidya\NV\NaamVidya\Nlogger.cs:24) DEBUG - SessionID :gew3ectuxwd2n4ms35tl2zd1 | FirstName : hasti
24/02/2018 01:25:00 PM SIDDHESH-PC COMFLEX\1150 iisexpress 7   NVAPI.Nlogger.DebugLogger(e:\TFS\NaamVidya\NV\NaamVidya\Nlogger.cs:24) DEBUG - SessionID :4nhsuqyjy0m50ncjmbswal0a | FirstName : hasti
24/02/2018 01:29:50 PM SIDDHESH-PC COMFLEX\1150 iisexpress 7   NVAPI.Nlogger.DebugLogger(e:\TFS\NaamVidya\NV\NaamVidya\Nlogger.cs:24) DEBUG - SessionID :egfwzzg41lzutmkr4j1rvljd | FirstName : ashwini
24/02/2018 01:30:05 PM SIDDHESH-PC COMFLEX\1150 iisexpress 9   NVAPI.Nlogger.DebugLogger(e:\TFS\NaamVidya\NV\NaamVidya\Nlogger.cs:24) DEBUG - SessionID :v41zjeqek3rajwy3w2to4xmi | FirstName : hasti
24/02/2018 01:31:50 PM SIDDHESH-PC COMFLEX\1150 iisexpress 7   NVAPI.Nlogger.DebugLogger(e:\TFS\NaamVidya\NV\NaamVidya\Nlogger.cs:24) DEBUG - SessionID :ip3kafyqmcrktbrtu4aapofo | FirstName : hasti
24/02/2018 01:33:07 PM SIDDHESH-PC COMFLEX\1150 iisexpress 7   NVAPI.Nlogger.DebugLogger(e:\TFS\NaamVidya\NV\NaamVidya\Nlogger.cs:24) DEBUG - SessionID :22nfqej1fcyzulokkwcji3ba | FirstName : priyanka
24/02/2018 01:35:17 PM SIDDHESH-PC COMFLEX\1150 iisexpress 7   NVAPI.Nlogger.DebugLogger(e:\TFS\NaamVidya\NV\NaamVidya\Nlogger.cs:24) DEBUG - SessionID :ahdo3did2zpll25aeql1ldg3 | FirstName : hasti
24/02/2018 01:35:23 PM SIDDHESH-PC COMFLEX\1150 iisexpress 7   NVAPI.Nlogger.DebugLogger(e:\TFS\NaamVidya\NV\NaamVidya\Nlogger.cs:24) DEBUG - SessionID file :zuquu3u2ge5cicag1lrvsy25 | FirstName : jay
24/02/2018 03:00:23 PM SIDDHESH-PC COMFLEX\1150 iisexpress 10  NVAPI.Nlogger.DebugLogger(e:\TFS\NaamVidya\NV\NaamVidya\Nlogger.cs:24) DEBUG - SessionID :wtnjjynweezgdzvabjn1fe3g | FirstName : jaikishan
24/02/2018 03:00:30 PM SIDDHESH-PC COMFLEX\1150 iisexpress 9   NVAPI.Nlogger.DebugLogger(e:\TFS\NaamVidya\NV\NaamVidya\Nlogger.cs:24) DEBUG - SessionID [file exist] : ognjte4opkh33abovawgxhx4 | FirstName : jay
24/02/2018 03:03:07 PM SIDDHESH-PC COMFLEX\1150 iisexpress 5   NVAPI.Nlogger.DebugLogger(e:\TFS\NaamVidya\NV\NaamVidya\Nlogger.cs:24) DEBUG - SessionID [file exist] : m0zuewydduhj00bzqsazhbkm | FirstName : siddhesh
24/02/2018 03:03:14 PM SIDDHESH-PC COMFLEX\1150 iisexpress 9   NVAPI.Nlogger.DebugLogger(e:\TFS\NaamVidya\NV\NaamVidya\Nlogger.cs:24) DEBUG - SessionID :gvxyqgyrfc1g2ca0qjkjhzew | FirstName : atul
24/02/2018 03:11:48 PM SIDDHESH-PC COMFLEX\1150 iisexpress 22  NVAPI.Nlogger.DebugLogger(e:\TFS\NaamVidya\NV\NaamVidya\Nlogger.cs:24) DEBUG - SessionID :3ho3tyc3wdni00sc1v5trufe | FirstName : hasti
24/02/2018 03:11:55 PM SIDDHESH-PC COMFLEX\1150 iisexpress 23  NVAPI.Nlogger.DebugLogger(e:\TFS\NaamVidya\NV\NaamVidya\Nlogger.cs:24) DEBUG - SessionID [file exist] : 3gudrew2bvkhb2goa3hopwhj | FirstName : jay
24/02/2018 03:12:43 PM SIDDHESH-PC COMFLEX\1150 iisexpress 25  NVAPI.Nlogger.DebugLogger(e:\TFS\NaamVidya\NV\NaamVidya\Nlogger.cs:24) DEBUG - SessionID :a5ngsg5b3fgcztesyumqiubv | FirstName : ashwini
24/02/2018 03:17:58 PM SIDDHESH-PC COMFLEX\1150 iisexpress 24  NVAPI.Nlogger.DebugLogger(e:\TFS\NaamVidya\NV\NaamVidya\Nlogger.cs:24) DEBUG - SessionID :2z5x23plep0rnk3j1ewkyy1t | FirstName : hasti
24/02/2018 03:19:17 PM SIDDHESH-PC COMFLEX\1150 iisexpress 18  NVAPI.Nlogger.DebugLogger(e:\TFS\NaamVidya\NV\NaamVidya\Nlogger.cs:24) DEBUG - SessionID :waxc2yhhqzets2io423t2zwu | FirstName : hasti
24/02/2018 03:19:39 PM SIDDHESH-PC COMFLEX\1150 iisexpress 18  NVAPI.Nlogger.DebugLogger(e:\TFS\NaamVidya\NV\NaamVidya\Nlogger.cs:24) DEBUG - SessionID :irttf5qnzg3bxnmtfrgq2x13 | FirstName : kitty
24/02/2018 03:20:22 PM SIDDHESH-PC COMFLEX\1150 iisexpress 18  NVAPI.Nlogger.DebugLogger(e:\TFS\NaamVidya\NV\NaamVidya\Nlogger.cs:24) DEBUG - SessionID :ylfhfvbl0lzkr03xzjmsnq2e | FirstName : badsf
24/02/2018 03:41:13 PM SIDDHESH-PC COMFLEX\1150 iisexpress 7   NVAPI.Nlogger.DebugLogger(e:\TFS\NaamVidya\NV\NaamVidya\Nlogger.cs:24) DEBUG - SessionID :1qh5knm5cxog5odio3qlmjcx | FirstName : hasti
24/02/2018 03:43:22 PM SIDDHESH-PC COMFLEX\1150 iisexpress 9   NVAPI.Nlogger.DebugLogger(e:\TFS\NaamVidya\NV\NaamVidya\Nlogger.cs:24) DEBUG - SessionID :cuiy2h1hnsoylhqszqac4t3e | FirstName : ashwini
24/02/2018 03:45:17 PM SIDDHESH-PC COMFLEX\1150 iisexpress 9   NVAPI.Nlogger.DebugLogger(e:\TFS\NaamVidya\NV\NaamVidya\Nlogger.cs:24) DEBUG - SessionID :odvkhy1rfgsvda2j2mhidgmu | FirstName : hasti
24/02/2018 03:47:40 PM SIDDHESH-PC COMFLEX\1150 iisexpress 12  NVAPI.Nlogger.DebugLogger(e:\TFS\NaamVidya\NV\NaamVidya\Nlogger.cs:24) DEBUG - SessionID :punjoyb4m54da15ekhcqifqj | FirstName : abcd
24/02/2018 03:51:40 PM SIDDHESH-PC COMFLEX\1150 iisexpress 12  NVAPI.Nlogger.DebugLogger(e:\TFS\NaamVidya\NV\NaamVidya\Nlogger.cs:24) DEBUG - SessionID :5kaghbf2w2en23clfs53om0f | FirstName : hasti
24/02/2018 04:01:03 PM SIDDHESH-PC COMFLEX\1150 iisexpress 7   NVAPI.Nlogger.DebugLogger(e:\TFS\NaamVidya\NV\NaamVidya\Nlogger.cs:24) DEBUG - SessionID :mxk432guwzcdxymvsymovphd | FirstName : hasti
24/02/2018 04:01:47 PM SIDDHESH-PC COMFLEX\1150 iisexpress 9   NVAPI.Nlogger.DebugLogger(e:\TFS\NaamVidya\NV\NaamVidya\Nlogger.cs:24) DEBUG - SessionID :ziwn0jl2via1g14n21k5xjx4 | FirstName : anuja
24/02/2018 04:02:14 PM SIDDHESH-PC COMFLEX\1150 iisexpress 7   NVAPI.Nlogger.DebugLogger(e:\TFS\NaamVidya\NV\NaamVidya\Nlogger.cs:24) DEBUG - SessionID :z3ziv52vpynkl03tsftvdpd2 | FirstName : anuja
24/02/2018 04:04:41 PM SIDDHESH-PC COMFLEX\1150 iisexpress 11  NVAPI.Nlogger.DebugLogger(e:\TFS\NaamVidya\NV\NaamVidya\Nlogger.cs:24) DEBUG - SessionID :odhk4xtoqbhdotd1rftgxf52 | FirstName : anuuja
24/02/2018 04:06:44 PM SIDDHESH-PC COMFLEX\1150 iisexpress 6   NVAPI.Nlogger.DebugLogger(e:\TFS\NaamVidya\NV\NaamVidya\Nlogger.cs:24) DEBUG - SessionID :cfo3quiwmexdxht300nalbke | FirstName : megha
24/02/2018 04:22:27 PM SIDDHESH-PC COMFLEX\1150 iisexpress 22  NVAPI.Nlogger.DebugLogger(e:\TFS\NaamVidya\NV\NaamVidya\Nlogger.cs:24) DEBUG - SessionID :ftj1demwspnb0bg4fmiochxc | FirstName : hasti
24/02/2018 04:23:43 PM SIDDHESH-PC COMFLEX\1150 iisexpress 24  NVAPI.Nlogger.DebugLogger(e:\TFS\NaamVidya\NV\NaamVidya\Nlogger.cs:24) DEBUG - SessionID :nh4z3ao3lv4r3c05smallvoc | FirstName : hasti
24/02/2018 04:25:11 PM SIDDHESH-PC COMFLEX\1150 iisexpress 22  NVAPI.Nlogger.DebugLogger(e:\TFS\NaamVidya\NV\NaamVidya\Nlogger.cs:24) DEBUG - SessionID [file exist] : jg5zbxfavl4eblins3riaxao | FirstName : jay
24/02/2018 04:41:22 PM SIDDHESH-PC COMFLEX\1150 iisexpress 9   NVAPI.Nlogger.DebugLogger(e:\TFS\NaamVidya\NV\NaamVidya\Nlogger.cs:24) DEBUG - SessionID :a3qorq12ssajxsyt5kcqhwyk | FirstName : ghg
24/02/2018 04:41:30 PM SIDDHESH-PC COMFLEX\1150 iisexpress 7   NVAPI.Nlogger.DebugLogger(e:\TFS\NaamVidya\NV\NaamVidya\Nlogger.cs:24) DEBUG - SessionID :vclwlxboa4vty2znvdqhkmua | FirstName : ghghasad
24/02/2018 04:43:06 PM SIDDHESH-PC COMFLEX\1150 iisexpress 7   NVAPI.Nlogger.DebugLogger(e:\TFS\NaamVidya\NV\NaamVidya\Nlogger.cs:24) DEBUG - SessionID :eplgomo4ib1srwochwt3wysw | FirstName : hasti
24/02/2018 04:46:44 PM SIDDHESH-PC COMFLEX\1150 iisexpress 17  NVAPI.Nlogger.DebugLogger(e:\TFS\NaamVidya\NV\NaamVidya\Nlogger.cs:24) DEBUG - SessionID :kcuruxya1igktkq4wh1gthwx | FirstName : hasti
24/02/2018 04:47:57 PM SIDDHESH-PC COMFLEX\1150 iisexpress 16  NVAPI.Nlogger.DebugLogger(e:\TFS\NaamVidya\NV\NaamVidya\Nlogger.cs:24) DEBUG - SessionID :jcxwulhlnlqrxomw1xrnggpu | FirstName : hasti
24/02/2018 04:48:01 PM SIDDHESH-PC COMFLEX\1150 iisexpress 15  NVAPI.Nlogger.DebugLogger(e:\TFS\NaamVidya\NV\NaamVidya\Nlogger.cs:24) DEBUG - SessionID :bf5unpnff5lf2hhmswappl4d | FirstName : hasti
24/02/2018 04:49:05 PM SIDDHESH-PC COMFLEX\1150 iisexpress 7   NVAPI.Nlogger.DebugLogger(e:\TFS\NaamVidya\NV\NaamVidya\Nlogger.cs:24) DEBUG - SessionID :1mbjbxurt2mtdkt2ynvrwinq | FirstName : hasti
24/02/2018 04:49:42 PM SIDDHESH-PC COMFLEX\1150 iisexpress 10  NVAPI.Nlogger.DebugLogger(e:\TFS\NaamVidya\NV\NaamVidya\Nlogger.cs:24) DEBUG - SessionID :3ulfec4g2prqxe4aszll05zz | FirstName : hasti
24/02/2018 04:51:11 PM SIDDHESH-PC COMFLEX\1150 iisexpress 9   NVAPI.Nlogger.DebugLogger(e:\TFS\NaamVidya\NV\NaamVidya\Nlogger.cs:24) DEBUG - SessionID :uwdqfqr2jhffhw3atcupk5tj | FirstName : hasti
24/02/2018 04:52:16 PM SIDDHESH-PC COMFLEX\1150 iisexpress 9   NVAPI.Nlogger.DebugLogger(e:\TFS\NaamVidya\NV\NaamVidya\Nlogger.cs:24) DEBUG - SessionID :04ttpnqq0t2eeyjrsyg25ywd | FirstName : test
24/02/2018 04:54:26 PM SIDDHESH-PC COMFLEX\1150 iisexpress 11  NVAPI.Nlogger.DebugLogger(e:\TFS\NaamVidya\NV\NaamVidya\Nlogger.cs:24) DEBUG - SessionID :nztw4ah5oppmllvezjl5sjng | FirstName : hasti
24/02/2018 04:55:37 PM SIDDHESH-PC COMFLEX\1150 iisexpress 9   NVAPI.Nlogger.DebugLogger(e:\TFS\NaamVidya\NV\NaamVidya\Nlogger.cs:24) DEBUG - SessionID :alcph3snh0htyhqufzp5yc0a | FirstName : fghuj
24/02/2018 04:59:42 PM SIDDHESH-PC COMFLEX\1150 iisexpress 11  NVAPI.Nlogger.DebugLogger(e:\TFS\NaamVidya\NV\NaamVidya\Nlogger.cs:24) DEBUG - SessionID :qh2siy5dyxidkfmycvl4y2r2 | FirstName : hasti
24/02/2018 05:00:17 PM SIDDHESH-PC COMFLEX\1150 iisexpress 13  NVAPI.Nlogger.DebugLogger(e:\TFS\NaamVidya\NV\NaamVidya\Nlogger.cs:24) DEBUG - SessionID :uvrokrcflhuit3c2ivkoi3gq | FirstName : hasti
24/02/2018 05:00:52 PM SIDDHESH-PC COMFLEX\1150 iisexpress 13  NVAPI.Nlogger.DebugLogger(e:\TFS\NaamVidya\NV\NaamVidya\Nlogger.cs:24) DEBUG - SessionID :ey044s1ryh2ukoepv5ruadxm | FirstName : hasti
24/02/2018 05:03:09 PM SIDDHESH-PC COMFLEX\1150 iisexpress 8   NVAPI.Nlogger.DebugLogger(e:\TFS\NaamVidya\NV\NaamVidya\Nlogger.cs:24) DEBUG - SessionID [file exist] : whhnx2fxzcqhe1b201hyloms | FirstName : jay
24/02/2018 05:05:00 PM SIDDHESH-PC COMFLEX\1150 iisexpress 8   NVAPI.Nlogger.DebugLogger(e:\TFS\NaamVidya\NV\NaamVidya\Nlogger.cs:24) DEBUG - SessionID [file exist] : n2vhy3uabwokfpvsrvczfwbk | FirstName : jay
24/02/2018 05:05:08 PM SIDDHESH-PC COMFLEX\1150 iisexpress 9   NVAPI.Nlogger.DebugLogger(e:\TFS\NaamVidya\NV\NaamVidya\Nlogger.cs:24) DEBUG - SessionID :x3042pw1zj0bs1g5r3sznrnh | FirstName : hasti
24/02/2018 05:07:10 PM SIDDHESH-PC COMFLEX\1150 iisexpress 10  NVAPI.Nlogger.DebugLogger(e:\TFS\NaamVidya\NV\NaamVidya\Nlogger.cs:24) DEBUG - SessionID :bwxck0glsfrwnpuc22lsgxii | FirstName : hasti
24/02/2018 05:07:32 PM SIDDHESH-PC COMFLEX\1150 iisexpress 5   NVAPI.Nlogger.DebugLogger(e:\TFS\NaamVidya\NV\NaamVidya\Nlogger.cs:24) DEBUG - SessionID :wvujebldj3fiohkeule2qfrj | FirstName : addsf
24/02/2018 05:09:28 PM SIDDHESH-PC COMFLEX\1150 iisexpress 8   NVAPI.Nlogger.DebugLogger(e:\TFS\NaamVidya\NV\NaamVidya\Nlogger.cs:24) DEBUG - SessionID :fo3ch2g5nw4koxqikkyonb4b | FirstName : hasti
24/02/2018 05:11:46 PM SIDDHESH-PC COMFLEX\1150 iisexpress 25  NVAPI.Nlogger.DebugLogger(e:\TFS\NaamVidya\NV\NaamVidya\Nlogger.cs:24) DEBUG - SessionID :brgopp25ezp3hinutr1sbmxn | FirstName : basbab
24/02/2018 05:12:52 PM SIDDHESH-PC COMFLEX\1150 iisexpress 15  NVAPI.Nlogger.DebugLogger(e:\TFS\NaamVidya\NV\NaamVidya\Nlogger.cs:24) DEBUG - SessionID :3d52x4cg0d22yxyakeck1gpg | FirstName : hasti
24/02/2018 05:13:52 PM SIDDHESH-PC COMFLEX\1150 iisexpress 18  NVAPI.Nlogger.DebugLogger(e:\TFS\NaamVidya\NV\NaamVidya\Nlogger.cs:24) DEBUG - SessionID :wlz2huvxyl3lbvyfbgz1cvzi | FirstName : kenia
24/02/2018 05:14:54 PM SIDDHESH-PC COMFLEX\1150 iisexpress 22  NVAPI.Nlogger.DebugLogger(e:\TFS\NaamVidya\NV\NaamVidya\Nlogger.cs:24) DEBUG - SessionID :cvqx4yhevlj5gkrjwbnefhap | FirstName : test
24/02/2018 05:17:13 PM SIDDHESH-PC COMFLEX\1150 iisexpress 8   NVAPI.Nlogger.DebugLogger(e:\TFS\NaamVidya\NV\NaamVidya\Nlogger.cs:24) DEBUG - SessionID :v2lf2pwguecvjyzppwhxxpvq | FirstName : hasti
24/02/2018 05:19:44 PM SIDDHESH-PC COMFLEX\1150 iisexpress 5   NVAPI.Nlogger.DebugLogger(e:\TFS\NaamVidya\NV\NaamVidya\Nlogger.cs:24) DEBUG - SessionID :uczkpswa1gv4xxofyify12dv | FirstName : hasatissd
24/02/2018 05:20:01 PM SIDDHESH-PC COMFLEX\1150 iisexpress 8   NVAPI.Nlogger.DebugLogger(e:\TFS\NaamVidya\NV\NaamVidya\Nlogger.cs:24) DEBUG - SessionID :hbr2wie4qm5ok5ui5tc1mstt | FirstName : sdfgdfg
24/02/2018 05:20:04 PM SIDDHESH-PC COMFLEX\1150 iisexpress 8   NVAPI.Nlogger.DebugLogger(e:\TFS\NaamVidya\NV\NaamVidya\Nlogger.cs:24) DEBUG - SessionID :3mqgmox35audoo5xirb2ktbq | FirstName : sdfgdfghjk
24/02/2018 05:20:09 PM SIDDHESH-PC COMFLEX\1150 iisexpress 11  NVAPI.Nlogger.DebugLogger(e:\TFS\NaamVidya\NV\NaamVidya\Nlogger.cs:24) DEBUG - SessionID :zbxu5yeuz1hubx50sjpnc3yu | FirstName : hasti
24/02/2018 05:24:26 PM SIDDHESH-PC COMFLEX\1150 iisexpress 11  NVAPI.Nlogger.DebugLogger(e:\TFS\NaamVidya\NV\NaamVidya\Nlogger.cs:24) DEBUG - SessionID :ohhev1w32lvq5wynluff5ldz | FirstName : test
24/02/2018 05:29:20 PM SIDDHESH-PC COMFLEX\1150 iisexpress 6   NVAPI.Nlogger.DebugLogger(e:\TFS\NaamVidya\NV\NaamVidya\Nlogger.cs:24) DEBUG - SessionID :n2awufsuopnvdir3wduvlv2q | FirstName : test
24/02/2018 05:29:51 PM SIDDHESH-PC COMFLEX\1150 iisexpress 10  NVAPI.Nlogger.DebugLogger(e:\TFS\NaamVidya\NV\NaamVidya\Nlogger.cs:24) DEBUG - SessionID :xkuxywywj1lemvay5kdl554n | FirstName : text
24/02/2018 05:30:04 PM SIDDHESH-PC COMFLEX\1150 iisexpress 22  NVAPI.Nlogger.DebugLogger(e:\TFS\NaamVidya\NV\NaamVidya\Nlogger.cs:24) DEBUG - SessionID :o1h02ccox4vo0nk0czfoo1tc | FirstName : xyz
24/02/2018 05:30:20 PM SIDDHESH-PC COMFLEX\1150 iisexpress 17  NVAPI.Nlogger.DebugLogger(e:\TFS\NaamVidya\NV\NaamVidya\Nlogger.cs:24) DEBUG - SessionID :0wn3eq2zhbkay0ilt0vdm4y4 | FirstName : test
24/02/2018 05:31:03 PM SIDDHESH-PC COMFLEX\1150 iisexpress 17  NVAPI.Nlogger.DebugLogger(e:\TFS\NaamVidya\NV\NaamVidya\Nlogger.cs:24) DEBUG - SessionID :hqlfk3docharusc5fx5thzbj | FirstName : hasti
24/02/2018 05:33:04 PM SIDDHESH-PC COMFLEX\1150 iisexpress 22  NVAPI.Nlogger.DebugLogger(e:\TFS\NaamVidya\NV\NaamVidya\Nlogger.cs:24) DEBUG - SessionID :pxptyzqqgeeyugpv2z3vhz0g | FirstName : hasti
24/02/2018 05:33:38 PM SIDDHESH-PC COMFLEX\1150 iisexpress 22  NVAPI.Nlogger.DebugLogger(e:\TFS\NaamVidya\NV\NaamVidya\Nlogger.cs:24) DEBUG - SessionID :154tg2v0q2ehf3gp0xpv53qd | FirstName : hasti
24/02/2018 05:34:17 PM SIDDHESH-PC COMFLEX\1150 iisexpress 22  NVAPI.Nlogger.DebugLogger(e:\TFS\NaamVidya\NV\NaamVidya\Nlogger.cs:24) DEBUG - SessionID [file exist] : 3hdjzfriaiqo5z2ybbqrxydp | FirstName : jay
24/02/2018 05:35:24 PM SIDDHESH-PC COMFLEX\1150 iisexpress 16  NVAPI.Nlogger.DebugLogger(e:\TFS\NaamVidya\NV\NaamVidya\Nlogger.cs:24) DEBUG - SessionID :hiphkqwzig4o4byqnq2z301d | FirstName : flower
24/02/2018 05:37:35 PM SIDDHESH-PC COMFLEX\1150 iisexpress 21  NVAPI.Nlogger.DebugLogger(e:\TFS\NaamVidya\NV\NaamVidya\Nlogger.cs:24) DEBUG - SessionID :ivu3hyxdtakeddnzh3spir5k | FirstName : test
24/02/2018 05:37:42 PM SIDDHESH-PC COMFLEX\1150 iisexpress 15  NVAPI.Nlogger.DebugLogger(e:\TFS\NaamVidya\NV\NaamVidya\Nlogger.cs:24) DEBUG - SessionID :zs1qbvwdkdt13dnghzrrkzeh | FirstName : hasti
24/02/2018 05:38:38 PM SIDDHESH-PC COMFLEX\1150 iisexpress 10  NVAPI.Nlogger.DebugLogger(e:\TFS\NaamVidya\NV\NaamVidya\Nlogger.cs:24) DEBUG - SessionID :cpmamqmo1r3tc212l2faz5yy | FirstName : hasti
