09/03/2018 10:31:17 AM SIDDHESH-PC COMFLEX\1150 iisexpress 10  NVAPI.Nlogger.DebugLogger(e:\TFS\NaamVidya\NV\NaamVidya\Nlogger.cs:24) DEBUG - step-7
09/03/2018 11:20:21 AM SIDDHESH-PC COMFLEX\1150 iisexpress 9   NVAPI.Nlogger.nLoggerMsg(e:\TFS\NaamVidya\NV\NaamVidya\Nlogger.cs:19) ERROR - Procedure or function 'NV_SP_GetExpressDelivery' expects parameter '@REGN_GUID', which was not supplied.
09/03/2018 11:31:09 AM SIDDHESH-PC COMFLEX\1150 iisexpress 10  NVAPI.Nlogger.nLoggerMsg(e:\TFS\NaamVidya\NV\NaamVidya\Nlogger.cs:19) ERROR - Procedure or function 'NV_SP_GetExpressDelivery' expects parameter '@REGN_GUID', which was not supplied.
09/03/2018 11:48:35 AM SIDDHESH-PC COMFLEX\1150 iisexpress 6   NVAPI.Nlogger.nLoggerMsg(e:\TFS\NaamVidya\NV\NaamVidya\Nlogger.cs:19) ERROR - Procedure or function 'NV_SP_GetExpressDelivery' expects parameter '@REGN_GUID', which was not supplied.
09/03/2018 11:52:46 AM SIDDHESH-PC COMFLEX\1150 iisexpress 10  NVAPI.Nlogger.nLoggerMsg(e:\TFS\NaamVidya\NV\NaamVidya\Nlogger.cs:19) ERROR - Procedure or function 'NV_SP_GetExpressDelivery' expects parameter '@REGN_GUID', which was not supplied.
09/03/2018 11:59:07 AM SIDDHESH-PC COMFLEX\1150 iisexpress 8   NVAPI.Nlogger.nLoggerMsg(e:\TFS\NaamVidya\NV\NaamVidya\Nlogger.cs:19) ERROR - Procedure or function 'NV_SP_GetExpressDelivery' expects parameter '@REGN_GUID', which was not supplied.
09/03/2018 12:01:02 PM SIDDHESH-PC COMFLEX\1150 iisexpress 7   NVAPI.Nlogger.nLoggerMsg(e:\TFS\NaamVidya\NV\NaamVidya\Nlogger.cs:19) ERROR - Procedure or function 'NV_SP_GetExpressDelivery' expects parameter '@REGN_GUID', which was not supplied.
09/03/2018 12:08:02 PM SIDDHESH-PC COMFLEX\1150 iisexpress 11  NVAPI.Nlogger.nLoggerMsg(e:\TFS\NaamVidya\NV\NaamVidya\Nlogger.cs:19) ERROR - Procedure or function 'NV_SP_GetExpressDelivery' expects parameter '@REGN_GUID', which was not supplied.
09/03/2018 12:37:52 PM SIDDHESH-PC COMFLEX\1150 iisexpress 7   NVAPI.Nlogger.DebugLogger(e:\TFS\NaamVidya\NV\NaamVidya\Nlogger.cs:24) DEBUG - step-7
09/03/2018 01:08:02 PM SIDDHESH-PC COMFLEX\1150 iisexpress 5   NVAPI.Nlogger.nLoggerMsg(e:\TFS\NaamVidya\NV\NaamVidya\Nlogger.cs:19) ERROR - Cannot resolve the collation conflict between "SQL_Latin1_General_CP1_CI_AS" and "Latin1_General_CI_AI" in the equal to operation.
09/03/2018 01:08:06 PM SIDDHESH-PC COMFLEX\1150 iisexpress 10  NVAPI.Nlogger.nLoggerMsg(e:\TFS\NaamVidya\NV\NaamVidya\Nlogger.cs:19) ERROR - Cannot resolve the collation conflict between "SQL_Latin1_General_CP1_CI_AS" and "Latin1_General_CI_AI" in the equal to operation.
09/03/2018 01:08:55 PM SIDDHESH-PC COMFLEX\1150 iisexpress 10  NVAPI.Nlogger.nLoggerMsg(e:\TFS\NaamVidya\NV\NaamVidya\Nlogger.cs:19) ERROR - Cannot resolve the collation conflict between "SQL_Latin1_General_CP1_CI_AS" and "Latin1_General_CI_AI" in the equal to operation.
09/03/2018 01:09:13 PM SIDDHESH-PC COMFLEX\1150 iisexpress 5   NVAPI.Nlogger.nLoggerMsg(e:\TFS\NaamVidya\NV\NaamVidya\Nlogger.cs:19) ERROR - Cannot resolve the collation conflict between "SQL_Latin1_General_CP1_CI_AS" and "Latin1_General_CI_AI" in the equal to operation.
09/03/2018 01:09:31 PM SIDDHESH-PC COMFLEX\1150 iisexpress 5   NVAPI.Nlogger.nLoggerMsg(e:\TFS\NaamVidya\NV\NaamVidya\Nlogger.cs:19) ERROR - Cannot resolve the collation conflict between "SQL_Latin1_General_CP1_CI_AS" and "Latin1_General_CI_AI" in the equal to operation.
09/03/2018 01:09:36 PM SIDDHESH-PC COMFLEX\1150 iisexpress 10  NVAPI.Nlogger.nLoggerMsg(e:\TFS\NaamVidya\NV\NaamVidya\Nlogger.cs:19) ERROR - Cannot resolve the collation conflict between "SQL_Latin1_General_CP1_CI_AS" and "Latin1_General_CI_AI" in the equal to operation.
09/03/2018 01:09:53 PM SIDDHESH-PC COMFLEX\1150 iisexpress 5   NVAPI.Nlogger.nLoggerMsg(e:\TFS\NaamVidya\NV\NaamVidya\Nlogger.cs:19) ERROR - Cannot resolve the collation conflict between "SQL_Latin1_General_CP1_CI_AS" and "Latin1_General_CI_AI" in the equal to operation.
09/03/2018 01:10:00 PM SIDDHESH-PC COMFLEX\1150 iisexpress 16  NVAPI.Nlogger.nLoggerMsg(e:\TFS\NaamVidya\NV\NaamVidya\Nlogger.cs:19) ERROR - Cannot resolve the collation conflict between "SQL_Latin1_General_CP1_CI_AS" and "Latin1_General_CI_AI" in the equal to operation.
09/03/2018 01:10:08 PM SIDDHESH-PC COMFLEX\1150 iisexpress 10  NVAPI.Nlogger.nLoggerMsg(e:\TFS\NaamVidya\NV\NaamVidya\Nlogger.cs:19) ERROR - Cannot resolve the collation conflict between "SQL_Latin1_General_CP1_CI_AS" and "Latin1_General_CI_AI" in the equal to operation.
09/03/2018 01:10:09 PM SIDDHESH-PC COMFLEX\1150 iisexpress 11  NVAPI.Nlogger.nLoggerMsg(e:\TFS\NaamVidya\NV\NaamVidya\Nlogger.cs:19) ERROR - Cannot resolve the collation conflict between "SQL_Latin1_General_CP1_CI_AS" and "Latin1_General_CI_AI" in the equal to operation.
09/03/2018 01:10:12 PM SIDDHESH-PC COMFLEX\1150 iisexpress 10  NVAPI.Nlogger.nLoggerMsg(e:\TFS\NaamVidya\NV\NaamVidya\Nlogger.cs:19) ERROR - Cannot resolve the collation conflict between "SQL_Latin1_General_CP1_CI_AS" and "Latin1_General_CI_AI" in the equal to operation.
09/03/2018 01:10:15 PM SIDDHESH-PC COMFLEX\1150 iisexpress 5   NVAPI.Nlogger.nLoggerMsg(e:\TFS\NaamVidya\NV\NaamVidya\Nlogger.cs:19) ERROR - Cannot resolve the collation conflict between "SQL_Latin1_General_CP1_CI_AS" and "Latin1_General_CI_AI" in the equal to operation.
09/03/2018 01:10:30 PM SIDDHESH-PC COMFLEX\1150 iisexpress 15  NVAPI.Nlogger.nLoggerMsg(e:\TFS\NaamVidya\NV\NaamVidya\Nlogger.cs:19) ERROR - Cannot resolve the collation conflict between "SQL_Latin1_General_CP1_CI_AS" and "Latin1_General_CI_AI" in the equal to operation.
09/03/2018 01:10:47 PM SIDDHESH-PC COMFLEX\1150 iisexpress 11  NVAPI.Nlogger.nLoggerMsg(e:\TFS\NaamVidya\NV\NaamVidya\Nlogger.cs:19) ERROR - Cannot resolve the collation conflict between "SQL_Latin1_General_CP1_CI_AS" and "Latin1_General_CI_AI" in the equal to operation.
09/03/2018 01:10:54 PM SIDDHESH-PC COMFLEX\1150 iisexpress 10  NVAPI.Nlogger.nLoggerMsg(e:\TFS\NaamVidya\NV\NaamVidya\Nlogger.cs:19) ERROR - Cannot resolve the collation conflict between "SQL_Latin1_General_CP1_CI_AS" and "Latin1_General_CI_AI" in the equal to operation.
09/03/2018 01:10:56 PM SIDDHESH-PC COMFLEX\1150 iisexpress 5   NVAPI.Nlogger.nLoggerMsg(e:\TFS\NaamVidya\NV\NaamVidya\Nlogger.cs:19) ERROR - Cannot resolve the collation conflict between "SQL_Latin1_General_CP1_CI_AS" and "Latin1_General_CI_AI" in the equal to operation.
09/03/2018 01:13:58 PM SIDDHESH-PC COMFLEX\1150 iisexpress 6   NVAPI.Nlogger.nLoggerMsg(e:\TFS\NaamVidya\NV\NaamVidya\Nlogger.cs:19) ERROR - Cannot resolve the collation conflict between "SQL_Latin1_General_CP1_CI_AS" and "Latin1_General_CI_AI" in the equal to operation.
09/03/2018 01:16:57 PM SIDDHESH-PC COMFLEX\1150 iisexpress 23  NVAPI.Nlogger.nLoggerMsg(e:\TFS\NaamVidya\NV\NaamVidya\Nlogger.cs:19) ERROR - Cannot resolve the collation conflict between "SQL_Latin1_General_CP1_CI_AS" and "Latin1_General_CI_AI" in the equal to operation.
09/03/2018 01:24:25 PM SIDDHESH-PC COMFLEX\1150 iisexpress 15  NVAPI.Nlogger.nLoggerMsg(e:\TFS\NaamVidya\NV\NaamVidya\Nlogger.cs:19) ERROR - Failure sending mail.
09/03/2018 01:26:38 PM SIDDHESH-PC COMFLEX\1150 iisexpress 26  NVAPI.Nlogger.nLoggerMsg(e:\TFS\NaamVidya\NV\NaamVidya\Nlogger.cs:19) ERROR - Cannot resolve the collation conflict between "SQL_Latin1_General_CP1_CI_AS" and "Latin1_General_CI_AI" in the equal to operation.
09/03/2018 01:26:51 PM SIDDHESH-PC COMFLEX\1150 iisexpress 17  NVAPI.Nlogger.nLoggerMsg(e:\TFS\NaamVidya\NV\NaamVidya\Nlogger.cs:19) ERROR - Cannot resolve the collation conflict between "SQL_Latin1_General_CP1_CI_AS" and "Latin1_General_CI_AI" in the equal to operation.
09/03/2018 01:40:59 PM SIDDHESH-PC COMFLEX\1150 iisexpress 11  NVAPI.Nlogger.nLoggerMsg(e:\TFS\NaamVidya\NV\NaamVidya\Nlogger.cs:19) ERROR - Procedure or function NV_SP_FREEREPORT has too many arguments specified.
09/03/2018 03:52:10 PM SIDDHESH-PC COMFLEX\1150 iisexpress 9   NVAPI.Nlogger.nLoggerMsg(e:\TFS\NaamVidya\NV\NaamVidya\Nlogger.cs:19) ERROR - Cannot resolve the collation conflict between "SQL_Latin1_General_CP1_CI_AS" and "Latin1_General_CI_AI" in the equal to operation.
