08/03/2018 10:42:35 AM SIDDHESH-PC COMFLEX\1150 iisexpress 12  NVAPI.Nlogger.nLoggerMsg(e:\TFS\NaamVidya\NV\NaamVidya\Nlogger.cs:19) ERROR - Procedure or function 'NV_SP_GetExpressDelivery' expects parameter '@REGN_GUID', which was not supplied.
08/03/2018 10:55:29 AM SIDDHESH-PC COMFLEX\1150 iisexpress 9   NVAPI.Nlogger.nLoggerMsg(e:\TFS\NaamVidya\NV\NaamVidya\Nlogger.cs:19) ERROR - Procedure or function 'NV_SP_GetExpressDelivery' expects parameter '@REGN_GUID', which was not supplied.
08/03/2018 10:55:30 AM SIDDHESH-PC COMFLEX\1150 iisexpress 10  NVAPI.Nlogger.nLoggerMsg(e:\TFS\NaamVidya\NV\NaamVidya\Nlogger.cs:19) ERROR - Procedure or function 'NV_SP_GetExpressDelivery' expects parameter '@REGN_GUID', which was not supplied.
08/03/2018 11:04:18 AM SIDDHESH-PC COMFLEX\1150 iisexpress 7   NVAPI.Nlogger.nLoggerMsg(e:\TFS\NaamVidya\NV\NaamVidya\Nlogger.cs:19) ERROR - Procedure or function 'NV_SP_GetExpressDelivery' expects parameter '@REGN_GUID', which was not supplied.
08/03/2018 11:13:25 AM SIDDHESH-PC COMFLEX\1150 iisexpress 16  NVAPI.Nlogger.nLoggerMsg(e:\TFS\NaamVidya\NV\NaamVidya\Nlogger.cs:19) ERROR - Procedure or function 'NV_SP_GetExpressDelivery' expects parameter '@REGN_GUID', which was not supplied.
08/03/2018 11:19:04 AM SIDDHESH-PC COMFLEX\1150 iisexpress 6   NVAPI.Nlogger.nLoggerMsg(e:\TFS\NaamVidya\NV\NaamVidya\Nlogger.cs:19) ERROR - Procedure or function 'NV_SP_GetExpressDelivery' expects parameter '@REGN_GUID', which was not supplied.
08/03/2018 11:32:17 AM SIDDHESH-PC COMFLEX\1150 iisexpress 10  NVAPI.Nlogger.nLoggerMsg(e:\TFS\NaamVidya\NV\NaamVidya\Nlogger.cs:19) ERROR - Procedure or function 'NV_SP_GetExpressDelivery' expects parameter '@REGN_GUID', which was not supplied.
08/03/2018 12:27:21 PM SIDDHESH-PC COMFLEX\1150 iisexpress 45  NVAPI.Nlogger.nLoggerMsg(e:\TFS\NaamVidya\NV\NaamVidya\Nlogger.cs:19) ERROR - Procedure or function 'NV_SP_GetExpressDelivery' expects parameter '@REGN_GUID', which was not supplied.
08/03/2018 12:40:10 PM SIDDHESH-PC COMFLEX\1150 iisexpress 10  NVAPI.Nlogger.nLoggerMsg(e:\TFS\NaamVidya\NV\NaamVidya\Nlogger.cs:19) ERROR - Procedure or function 'NV_SP_GetExpressDelivery' expects parameter '@REGN_GUID', which was not supplied.
08/03/2018 12:44:28 PM SIDDHESH-PC COMFLEX\1150 iisexpress 5   NVAPI.Nlogger.nLoggerMsg(e:\TFS\NaamVidya\NV\NaamVidya\Nlogger.cs:19) ERROR - Procedure or function 'NV_SP_GetExpressDelivery' expects parameter '@REGN_GUID', which was not supplied.
08/03/2018 12:46:50 PM SIDDHESH-PC COMFLEX\1150 iisexpress 9   NVAPI.Nlogger.nLoggerMsg(e:\TFS\NaamVidya\NV\NaamVidya\Nlogger.cs:19) ERROR - Procedure or function 'NV_SP_GetExpressDelivery' expects parameter '@REGN_GUID', which was not supplied.
08/03/2018 12:53:30 PM SIDDHESH-PC COMFLEX\1150 iisexpress 10  NVAPI.Nlogger.nLoggerMsg(e:\TFS\NaamVidya\NV\NaamVidya\Nlogger.cs:19) ERROR - Procedure or function 'NV_SP_GetExpressDelivery' expects parameter '@REGN_GUID', which was not supplied.
08/03/2018 12:59:16 PM SIDDHESH-PC COMFLEX\1150 iisexpress 10  NVAPI.Nlogger.nLoggerMsg(e:\TFS\NaamVidya\NV\NaamVidya\Nlogger.cs:19) ERROR - Procedure or function 'NV_SP_GetExpressDelivery' expects parameter '@REGN_GUID', which was not supplied.
08/03/2018 12:59:50 PM SIDDHESH-PC COMFLEX\1150 iisexpress 41  NVAPI.Nlogger.nLoggerMsg(e:\TFS\NaamVidya\NV\NaamVidya\Nlogger.cs:19) ERROR - Procedure or function 'NV_SP_GetExpressDelivery' expects parameter '@REGN_GUID', which was not supplied.
08/03/2018 01:05:40 PM SIDDHESH-PC COMFLEX\1150 iisexpress 8   NVAPI.Nlogger.nLoggerMsg(e:\TFS\NaamVidya\NV\NaamVidya\Nlogger.cs:19) ERROR - Procedure or function 'NV_SP_GetExpressDelivery' expects parameter '@REGN_GUID', which was not supplied.
08/03/2018 05:29:11 PM SIDDHESH-PC COMFLEX\1150 iisexpress 5   NVAPI.Nlogger.nLoggerMsg(e:\TFS\NaamVidya\NV\NaamVidya\Nlogger.cs:19) ERROR - Cannot resolve the collation conflict between "SQL_Latin1_General_CP1_CI_AS" and "Latin1_General_CI_AI" in the equal to operation.
08/03/2018 05:41:53 PM SIDDHESH-PC COMFLEX\1150 iisexpress 21  NVAPI.Nlogger.nLoggerMsg(e:\TFS\NaamVidya\NV\NaamVidya\Nlogger.cs:19) ERROR - Cannot resolve the collation conflict between "SQL_Latin1_General_CP1_CI_AS" and "Latin1_General_CI_AI" in the equal to operation.
08/03/2018 05:41:58 PM SIDDHESH-PC COMFLEX\1150 iisexpress 8   NVAPI.Nlogger.nLoggerMsg(e:\TFS\NaamVidya\NV\NaamVidya\Nlogger.cs:19) ERROR - Cannot resolve the collation conflict between "SQL_Latin1_General_CP1_CI_AS" and "Latin1_General_CI_AI" in the equal to operation.
08/03/2018 06:31:50 PM SIDDHESH-PC COMFLEX\1150 iisexpress 11  NVAPI.Nlogger.nLoggerMsg(e:\TFS\NaamVidya\NV\NaamVidya\Nlogger.cs:19) ERROR - Procedure or function 'NV_SP_GetExpressDelivery' expects parameter '@REGN_GUID', which was not supplied.
08/03/2018 06:33:52 PM SIDDHESH-PC COMFLEX\1150 iisexpress 19  NVAPI.Nlogger.nLoggerMsg(e:\TFS\NaamVidya\NV\NaamVidya\Nlogger.cs:19) ERROR - Procedure or function 'NV_SP_GetMyCartDetail' expects parameter '@Country_flag', which was not supplied.
08/03/2018 06:33:55 PM SIDDHESH-PC COMFLEX\1150 iisexpress 19  NVAPI.Nlogger.nLogger(e:\TFS\NaamVidya\NV\NaamVidya\Nlogger.cs:14) ERROR - PayPal.PaymentsException: The remote server returned an error: (400) Bad Request.
   at PayPal.Api.PayPalResource.ConfigureAndExecute[T](APIContext apiContext, HttpMethod httpMethod, String resource, String payload, String endpoint, Boolean setAuthorizationHeader)
   at PayPal.Api.Payment.Create(APIContext apiContext, Payment payment)
   at PayPal.Api.Payment.Create(APIContext apiContext)
   at NaamVidya.Controllers.RoutesController.RequestToPaypal(DataTable CartDetails, String custom, String sTxnId) in e:\TFS\NaamVidya\NV\NaamVidya\Controllers\RoutesController.cs:line 1595
08/03/2018 06:33:55 PM SIDDHESH-PC COMFLEX\1150 iisexpress 19  NVAPI.Nlogger.nLoggerMsg(e:\TFS\NaamVidya\NV\NaamVidya\Nlogger.cs:19) ERROR - The remote server returned an error: (400) Bad Request.
08/03/2018 06:35:06 PM SIDDHESH-PC COMFLEX\1150 iisexpress 9   NVAPI.Nlogger.nLoggerMsg(e:\TFS\NaamVidya\NV\NaamVidya\Nlogger.cs:19) ERROR - Procedure or function 'NV_SP_GetExpressDelivery' expects parameter '@REGN_GUID', which was not supplied.
08/03/2018 06:40:14 PM SIDDHESH-PC COMFLEX\1150 iisexpress 7   NVAPI.Nlogger.nLoggerMsg(e:\TFS\NaamVidya\NV\NaamVidya\Nlogger.cs:19) ERROR - The operation has timed out.
08/03/2018 06:45:47 PM SIDDHESH-PC COMFLEX\1150 iisexpress 17  NVAPI.Nlogger.nLoggerMsg(e:\TFS\NaamVidya\NV\NaamVidya\Nlogger.cs:19) ERROR - The operation has timed out.
08/03/2018 07:04:55 PM SIDDHESH-PC COMFLEX\1150 iisexpress 6   NVAPI.Nlogger.nLoggerMsg(e:\TFS\NaamVidya\NV\NaamVidya\Nlogger.cs:19) ERROR - Procedure or function 'NV_SP_GetExpressDelivery' expects parameter '@REGN_GUID', which was not supplied.
